[debug] [2024-10-26T09:33:19.389Z] ----------------------------------------------------------------------
[debug] [2024-10-26T09:33:19.391Z] Command:       /Users/kitaniyasushinozomi/.nodebrew/node/v19.8.1/bin/node /Users/kitaniyasushinozomi/.nodebrew/current/bin/firebase emulators:start --only functions
[debug] [2024-10-26T09:33:19.391Z] CLI Version:   13.23.0
[debug] [2024-10-26T09:33:19.391Z] Platform:      darwin
[debug] [2024-10-26T09:33:19.391Z] Node Version:  v19.8.1
[debug] [2024-10-26T09:33:19.391Z] Time:          Sat Oct 26 2024 18:33:19 GMT+0900 (日本標準時)
[debug] [2024-10-26T09:33:19.391Z] ----------------------------------------------------------------------
[debug] 
[debug] [2024-10-26T09:33:19.445Z] > command requires scopes: ["email","openid","https://www.googleapis.com/auth/cloudplatformprojects.readonly","https://www.googleapis.com/auth/firebase","https://www.googleapis.com/auth/cloud-platform"]
[debug] [2024-10-26T09:33:19.445Z] > authorizing via signed-in user (kidanikouki@gmail.com)
[info] i  emulators: Starting emulators: functions {"metadata":{"emulator":{"name":"hub"},"message":"Starting emulators: functions"}}
[debug] [2024-10-26T09:33:19.666Z] [logging] Logging Emulator only supports listening on one address (127.0.0.1). Not listening on ::1
[debug] [2024-10-26T09:33:19.666Z] assigned listening specs for emulators {"user":{"hub":[{"address":"127.0.0.1","family":"IPv4","port":4400},{"address":"::1","family":"IPv6","port":4400}],"ui":[{"address":"127.0.0.1","family":"IPv4","port":4000},{"address":"::1","family":"IPv6","port":4000}],"logging":[{"address":"127.0.0.1","family":"IPv4","port":4500}]},"metadata":{"message":"assigned listening specs for emulators"}}
[debug] [2024-10-26T09:33:19.669Z] [hub] writing locator at /var/folders/m0/9fnkln5d1m90n_vgzz7z0llw0000gn/T/hub-jphacks2024.json
[debug] [2024-10-26T09:33:19.880Z] [functions] Functions Emulator only supports listening on one address (127.0.0.1). Not listening on ::1
[debug] [2024-10-26T09:33:19.880Z] [eventarc] Eventarc Emulator only supports listening on one address (127.0.0.1). Not listening on ::1
[debug] [2024-10-26T09:33:19.880Z] [tasks] Cloud Tasks Emulator only supports listening on one address (127.0.0.1). Not listening on ::1
[debug] [2024-10-26T09:33:19.880Z] late-assigned ports for functions and eventarc emulators {"user":{"hub":[{"address":"127.0.0.1","family":"IPv4","port":4400},{"address":"::1","family":"IPv6","port":4400}],"ui":[{"address":"127.0.0.1","family":"IPv4","port":4000},{"address":"::1","family":"IPv6","port":4000}],"logging":[{"address":"127.0.0.1","family":"IPv4","port":4500}],"functions":[{"address":"127.0.0.1","family":"IPv4","port":5001}],"eventarc":[{"address":"127.0.0.1","family":"IPv4","port":9299}],"tasks":[{"address":"127.0.0.1","family":"IPv4","port":9499}]},"metadata":{"message":"late-assigned ports for functions and eventarc emulators"}}
[warn] ⚠  functions: The following emulators are not running, calls to these services from the Functions emulator will affect production: auth, firestore, database, hosting, pubsub, storage, dataconnect {"metadata":{"emulator":{"name":"functions"},"message":"The following emulators are not running, calls to these services from the Functions emulator will affect production: \u001b[1mauth, firestore, database, hosting, pubsub, storage, dataconnect\u001b[22m"}}
[debug] [2024-10-26T09:33:19.882Z] defaultcredentials: writing to file /Users/kitaniyasushinozomi/.config/firebase/kidanikouki_gmail_com_application_default_credentials.json
[debug] [2024-10-26T09:33:19.885Z] Setting GAC to /Users/kitaniyasushinozomi/.config/firebase/kidanikouki_gmail_com_application_default_credentials.json {"metadata":{"emulator":{"name":"functions"},"message":"Setting GAC to /Users/kitaniyasushinozomi/.config/firebase/kidanikouki_gmail_com_application_default_credentials.json"}}
[debug] [2024-10-26T09:33:19.886Z] Checked if tokens are valid: true, expires at: 1729937657887
[debug] [2024-10-26T09:33:19.886Z] Checked if tokens are valid: true, expires at: 1729937657887
[debug] [2024-10-26T09:33:19.886Z] >>> [apiv2][query] GET https://firebase.googleapis.com/v1beta1/projects/jphacks2024/adminSdkConfig [none]
[debug] [2024-10-26T09:33:20.547Z] <<< [apiv2][status] GET https://firebase.googleapis.com/v1beta1/projects/jphacks2024/adminSdkConfig 200
[debug] [2024-10-26T09:33:20.547Z] <<< [apiv2][body] GET https://firebase.googleapis.com/v1beta1/projects/jphacks2024/adminSdkConfig {"projectId":"jphacks2024","storageBucket":"jphacks2024.appspot.com"}
[debug] [2024-10-26T09:33:20.573Z] Ignoring unsupported arg: auto_download {"metadata":{"emulator":{"name":"ui"},"message":"Ignoring unsupported arg: auto_download"}}
[debug] [2024-10-26T09:33:20.573Z] Ignoring unsupported arg: port {"metadata":{"emulator":{"name":"ui"},"message":"Ignoring unsupported arg: port"}}
[debug] [2024-10-26T09:33:20.573Z] Starting Emulator UI with command {"binary":"node","args":["/Users/kitaniyasushinozomi/.cache/firebase/emulators/ui-v1.14.0/server/server.mjs"],"optionalArgs":[],"joinArgs":false,"shell":false,"port":4000} {"metadata":{"emulator":{"name":"ui"},"message":"Starting Emulator UI with command {\"binary\":\"node\",\"args\":[\"/Users/kitaniyasushinozomi/.cache/firebase/emulators/ui-v1.14.0/server/server.mjs\"],\"optionalArgs\":[],\"joinArgs\":false,\"shell\":false,\"port\":4000}"}}
[info] i  ui: Emulator UI logging to ui-debug.log {"metadata":{"emulator":{"name":"ui"},"message":"Emulator UI logging to \u001b[1mui-debug.log\u001b[22m"}}
[debug] [2024-10-26T09:33:20.666Z] Web / API server started at 127.0.0.1:4000
 {"metadata":{"emulator":{"name":"ui"},"message":"Web / API server started at 127.0.0.1:4000\n"}}
[debug] [2024-10-26T09:33:20.666Z] Web / API server started at ::1:4000
 {"metadata":{"emulator":{"name":"ui"},"message":"Web / API server started at ::1:4000\n"}}
[info] i  functions: Watching "/Users/kitaniyasushinozomi/practice/jack/ng_2404/functions" for Cloud Functions... {"metadata":{"emulator":{"name":"functions"},"message":"Watching \"/Users/kitaniyasushinozomi/practice/jack/ng_2404/functions\" for Cloud Functions..."}}
[debug] [2024-10-26T09:33:20.786Z] Validating nodejs source
[debug] [2024-10-26T09:33:21.292Z] > [functions] package.json contents: {
  "name": "functions",
  "description": "Cloud Functions for Firebase",
  "scripts": {
    "lint": "eslint .",
    "serve": "firebase emulators:start --only functions",
    "shell": "firebase functions:shell",
    "start": "npm run shell",
    "deploy": "firebase deploy --only functions",
    "logs": "firebase functions:log"
  },
  "engines": {
    "node": "18"
  },
  "main": "index.js",
  "dependencies": {
    "firebase-admin": "^12.6.0",
    "firebase-functions": "^6.0.1"
  },
  "devDependencies": {
    "eslint": "^8.15.0",
    "eslint-config-google": "^0.14.0",
    "firebase-functions-test": "^3.1.0"
  },
  "private": true
}
[debug] [2024-10-26T09:33:21.292Z] Building nodejs source
[debug] [2024-10-26T09:33:21.293Z] Failed to find version of module node: reached end of search path /Users/kitaniyasushinozomi/practice/jack/ng_2404/functions/node_modules
[warn] ⚠  functions: Your requested "node" version "16" doesn't match your global version "19". Using node@19 from host. 
[debug] [2024-10-26T09:33:21.295Z] Could not find functions.yaml. Must use http discovery
[debug] [2024-10-26T09:33:21.299Z] Found firebase-functions binary at '/Users/kitaniyasushinozomi/practice/jack/ng_2404/functions/node_modules/.bin/firebase-functions'
[info] Serving at port 8164

[debug] [2024-10-26T09:33:21.459Z] Got response from /__/functions.yaml {"endpoints":{"api":{"availableMemoryMb":null,"timeoutSeconds":null,"minInstances":null,"maxInstances":null,"ingressSettings":null,"concurrency":null,"serviceAccountEmail":null,"vpc":null,"platform":"gcfv2","labels":{},"httpsTrigger":{},"entryPoint":"api"}},"specVersion":"v1alpha1","requiredAPIs":[],"extensions":{}}
[info] ✔  functions: Loaded functions definitions from source: api. {"metadata":{"emulator":{"name":"functions"},"message":"Loaded functions definitions from source: api."}}
[info] ✔  functions[us-central1-api]: http function initialized (http://127.0.0.1:5001/jphacks2024/us-central1/api). {"metadata":{"emulator":{"name":"functions"},"message":"\u001b[1mhttp\u001b[22m function initialized (http://127.0.0.1:5001/jphacks2024/us-central1/api)."}}
[debug] [2024-10-26T09:33:26.485Z] Could not find VSCode notification endpoint: FetchError: request to http://localhost:40001/vscode/notify failed, reason: connect ECONNREFUSED ::1:40001. If you are not running the Firebase Data Connect VSCode extension, this is expected and not an issue.
[info] 
┌─────────────────────────────────────────────────────────────┐
│ ✔  All emulators ready! It is now safe to connect your app. │
│ i  View Emulator UI at http://127.0.0.1:4000/               │
└─────────────────────────────────────────────────────────────┘

┌───────────┬────────────────┬─────────────────────────────────┐
│ Emulator  │ Host:Port      │ View in Emulator UI             │
├───────────┼────────────────┼─────────────────────────────────┤
│ Functions │ 127.0.0.1:5001 │ http://127.0.0.1:4000/functions │
└───────────┴────────────────┴─────────────────────────────────┘
  Emulator Hub running at 127.0.0.1:4400
  Other reserved ports: 4500

Issues? Report them at https://github.com/firebase/firebase-tools/issues and attach the *-debug.log files.
 
[debug] [2024-10-26T09:33:47.621Z] File /Users/kitaniyasushinozomi/practice/jack/ng_2404/functions/index.js changed, reloading triggers {"metadata":{"emulator":{"name":"functions"},"message":"File /Users/kitaniyasushinozomi/practice/jack/ng_2404/functions/index.js changed, reloading triggers"}}
[debug] [2024-10-26T09:33:48.622Z] Validating nodejs source
[debug] [2024-10-26T09:33:49.161Z] > [functions] package.json contents: {
  "name": "functions",
  "description": "Cloud Functions for Firebase",
  "scripts": {
    "lint": "eslint .",
    "serve": "firebase emulators:start --only functions",
    "shell": "firebase functions:shell",
    "start": "npm run shell",
    "deploy": "firebase deploy --only functions",
    "logs": "firebase functions:log"
  },
  "engines": {
    "node": "18"
  },
  "main": "index.js",
  "dependencies": {
    "firebase-admin": "^12.6.0",
    "firebase-functions": "^6.0.1"
  },
  "devDependencies": {
    "eslint": "^8.15.0",
    "eslint-config-google": "^0.14.0",
    "firebase-functions-test": "^3.1.0"
  },
  "private": true
}
[debug] [2024-10-26T09:33:49.161Z] Building nodejs source
[debug] [2024-10-26T09:33:49.161Z] Failed to find version of module node: reached end of search path /Users/kitaniyasushinozomi/practice/jack/ng_2404/functions/node_modules
[warn] ⚠  functions: Your requested "node" version "16" doesn't match your global version "19". Using node@19 from host. 
[debug] [2024-10-26T09:33:49.162Z] Could not find functions.yaml. Must use http discovery
[debug] [2024-10-26T09:33:49.162Z] Found firebase-functions binary at '/Users/kitaniyasushinozomi/practice/jack/ng_2404/functions/node_modules/.bin/firebase-functions'
[info] Serving at port 8484

[debug] [2024-10-26T09:33:49.338Z] [work-queue] {"queuedWork":["/jphacks2024/us-central1/api/messages.html-2024-10-26T09:33:49.338Z"],"queueLength":1,"runningWork":[],"workRunningCount":0}
[debug] [2024-10-26T09:33:49.338Z] [work-queue] {"queuedWork":[],"queueLength":0,"runningWork":["/jphacks2024/us-central1/api/messages.html-2024-10-26T09:33:49.338Z"],"workRunningCount":1}
[debug] [2024-10-26T09:33:49.338Z] Accepted request GET /jphacks2024/us-central1/api/messages.html --> us-central1-api
[debug] [2024-10-26T09:33:49.340Z] [functions] Runtime ready! Sending request! {"metadata":{"emulator":{"name":"functions"},"message":"[functions] Runtime ready! Sending request!"}}
[debug] [2024-10-26T09:33:49.340Z] [functions] Got req.url=/jphacks2024/us-central1/api/messages.html, mapping to path=/messages.html {"metadata":{"emulator":{"name":"functions"},"message":"[functions] Got req.url=/jphacks2024/us-central1/api/messages.html, mapping to path=/messages.html"}}
[debug] [2024-10-26T09:33:49.342Z] [worker-pool] addWorker(us-central1-api) {"metadata":{"emulator":{"name":"functions"},"message":"[worker-pool] addWorker(us-central1-api)"}}
[debug] [2024-10-26T09:33:49.343Z] [worker-pool] Adding worker with key us-central1-api, total=1 {"metadata":{"emulator":{"name":"functions"},"message":"[worker-pool] Adding worker with key us-central1-api, total=1"}}
[debug] [2024-10-26T09:33:49.390Z] Got response from /__/functions.yaml {"endpoints":{"api":{"availableMemoryMb":null,"timeoutSeconds":null,"minInstances":null,"maxInstances":null,"ingressSettings":null,"concurrency":null,"serviceAccountEmail":null,"vpc":null,"platform":"gcfv2","labels":{},"httpsTrigger":{},"entryPoint":"api"}},"specVersion":"v1alpha1","requiredAPIs":[],"extensions":{}}
[debug] [2024-10-26T09:33:49.742Z] [runtime-status] [31150] Resolved module firebase-admin {"declared":true,"installed":true,"version":"12.7.0","resolution":"/Users/kitaniyasushinozomi/practice/jack/ng_2404/functions/node_modules/firebase-admin/lib/index.js"} {"metadata":{"emulator":{"name":"functions"},"function":{"name":"us-central1-api"},"extension":{},"message":"[runtime-status] [31150] Resolved module firebase-admin {\"declared\":true,\"installed\":true,\"version\":\"12.7.0\",\"resolution\":\"/Users/kitaniyasushinozomi/practice/jack/ng_2404/functions/node_modules/firebase-admin/lib/index.js\"}"}}
[debug] [2024-10-26T09:33:49.742Z] [runtime-status] [31150] Resolved module firebase-functions {"declared":true,"installed":true,"version":"6.1.0","resolution":"/Users/kitaniyasushinozomi/practice/jack/ng_2404/functions/node_modules/firebase-functions/lib/v2/index.js"} {"metadata":{"emulator":{"name":"functions"},"function":{"name":"us-central1-api"},"extension":{},"message":"[runtime-status] [31150] Resolved module firebase-functions {\"declared\":true,\"installed\":true,\"version\":\"6.1.0\",\"resolution\":\"/Users/kitaniyasushinozomi/practice/jack/ng_2404/functions/node_modules/firebase-functions/lib/v2/index.js\"}"}}
[debug] [2024-10-26T09:33:49.742Z] [runtime-status] [31150] Outgoing network have been stubbed. [{"name":"http","status":"mocked"},{"name":"http","status":"mocked"},{"name":"https","status":"mocked"},{"name":"https","status":"mocked"},{"name":"net","status":"mocked"}] {"metadata":{"emulator":{"name":"functions"},"function":{"name":"us-central1-api"},"extension":{},"message":"[runtime-status] [31150] Outgoing network have been stubbed. [{\"name\":\"http\",\"status\":\"mocked\"},{\"name\":\"http\",\"status\":\"mocked\"},{\"name\":\"https\",\"status\":\"mocked\"},{\"name\":\"https\",\"status\":\"mocked\"},{\"name\":\"net\",\"status\":\"mocked\"}]"}}
[debug] [2024-10-26T09:33:49.742Z] [runtime-status] [31150] Resolved module firebase-functions {"declared":true,"installed":true,"version":"6.1.0","resolution":"/Users/kitaniyasushinozomi/practice/jack/ng_2404/functions/node_modules/firebase-functions/lib/v2/index.js"} {"metadata":{"emulator":{"name":"functions"},"function":{"name":"us-central1-api"},"extension":{},"message":"[runtime-status] [31150] Resolved module firebase-functions {\"declared\":true,\"installed\":true,\"version\":\"6.1.0\",\"resolution\":\"/Users/kitaniyasushinozomi/practice/jack/ng_2404/functions/node_modules/firebase-functions/lib/v2/index.js\"}"}}
[debug] [2024-10-26T09:33:49.806Z] [runtime-status] [31150] Checked functions.config() {"config":{}} {"metadata":{"emulator":{"name":"functions"},"function":{"name":"us-central1-api"},"extension":{},"message":"[runtime-status] [31150] Checked functions.config() {\"config\":{}}"}}
[debug] [2024-10-26T09:33:49.806Z] [runtime-status] [31150] firebase-functions has been stubbed. {"functionsResolution":{"declared":true,"installed":true,"version":"6.1.0","resolution":"/Users/kitaniyasushinozomi/practice/jack/ng_2404/functions/node_modules/firebase-functions/lib/v2/index.js"}} {"metadata":{"emulator":{"name":"functions"},"function":{"name":"us-central1-api"},"extension":{},"message":"[runtime-status] [31150] firebase-functions has been stubbed. {\"functionsResolution\":{\"declared\":true,\"installed\":true,\"version\":\"6.1.0\",\"resolution\":\"/Users/kitaniyasushinozomi/practice/jack/ng_2404/functions/node_modules/firebase-functions/lib/v2/index.js\"}}"}}
[debug] [2024-10-26T09:33:49.807Z] [runtime-status] [31150] Resolved module firebase-functions {"declared":true,"installed":true,"version":"6.1.0","resolution":"/Users/kitaniyasushinozomi/practice/jack/ng_2404/functions/node_modules/firebase-functions/lib/v2/index.js"} {"metadata":{"emulator":{"name":"functions"},"function":{"name":"us-central1-api"},"extension":{},"message":"[runtime-status] [31150] Resolved module firebase-functions {\"declared\":true,\"installed\":true,\"version\":\"6.1.0\",\"resolution\":\"/Users/kitaniyasushinozomi/practice/jack/ng_2404/functions/node_modules/firebase-functions/lib/v2/index.js\"}"}}
[debug] [2024-10-26T09:33:49.809Z] [runtime-status] [31150] Resolved module firebase-admin {"declared":true,"installed":true,"version":"12.7.0","resolution":"/Users/kitaniyasushinozomi/practice/jack/ng_2404/functions/node_modules/firebase-admin/lib/index.js"} {"metadata":{"emulator":{"name":"functions"},"function":{"name":"us-central1-api"},"extension":{},"message":"[runtime-status] [31150] Resolved module firebase-admin {\"declared\":true,\"installed\":true,\"version\":\"12.7.0\",\"resolution\":\"/Users/kitaniyasushinozomi/practice/jack/ng_2404/functions/node_modules/firebase-admin/lib/index.js\"}"}}
[debug] [2024-10-26T09:33:49.809Z] [runtime-status] [31150] Resolved module firebase-functions {"declared":true,"installed":true,"version":"6.1.0","resolution":"/Users/kitaniyasushinozomi/practice/jack/ng_2404/functions/node_modules/firebase-functions/lib/v2/index.js"} {"metadata":{"emulator":{"name":"functions"},"function":{"name":"us-central1-api"},"extension":{},"message":"[runtime-status] [31150] Resolved module firebase-functions {\"declared\":true,\"installed\":true,\"version\":\"6.1.0\",\"resolution\":\"/Users/kitaniyasushinozomi/practice/jack/ng_2404/functions/node_modules/firebase-functions/lib/v2/index.js\"}"}}
[debug] [2024-10-26T09:33:49.810Z] [runtime-status] [31150] firebase-admin has been stubbed. {"adminResolution":{"declared":true,"installed":true,"version":"12.7.0","resolution":"/Users/kitaniyasushinozomi/practice/jack/ng_2404/functions/node_modules/firebase-admin/lib/index.js"}} {"metadata":{"emulator":{"name":"functions"},"function":{"name":"us-central1-api"},"extension":{},"message":"[runtime-status] [31150] firebase-admin has been stubbed. {\"adminResolution\":{\"declared\":true,\"installed\":true,\"version\":\"12.7.0\",\"resolution\":\"/Users/kitaniyasushinozomi/practice/jack/ng_2404/functions/node_modules/firebase-admin/lib/index.js\"}}"}}
[debug] [2024-10-26T09:33:49.836Z] [runtime-status] [31150] Functions runtime initialized. {"cwd":"/Users/kitaniyasushinozomi/practice/jack/ng_2404/functions","node_version":"19.8.1"} {"metadata":{"emulator":{"name":"functions"},"function":{"name":"us-central1-api"},"extension":{},"message":"[runtime-status] [31150] Functions runtime initialized. {\"cwd\":\"/Users/kitaniyasushinozomi/practice/jack/ng_2404/functions\",\"node_version\":\"19.8.1\"}"}}
[debug] [2024-10-26T09:33:49.836Z] [runtime-status] [31150] Listening to port: /var/folders/m0/9fnkln5d1m90n_vgzz7z0llw0000gn/T/fire_emu_6a249c3aafcebe02.sock {"metadata":{"emulator":{"name":"functions"},"function":{"name":"us-central1-api"},"extension":{},"message":"[runtime-status] [31150] Listening to port: /var/folders/m0/9fnkln5d1m90n_vgzz7z0llw0000gn/T/fire_emu_6a249c3aafcebe02.sock"}}
[debug] [2024-10-26T09:33:49.853Z] [worker-us-central1-api-52ff1931-019b-4376-a0a4-26d024f89eb3]: IDLE {"metadata":{"emulator":{"name":"functions"},"function":{"name":"us-central1-api"},"extension":{},"message":"[worker-us-central1-api-52ff1931-019b-4376-a0a4-26d024f89eb3]: IDLE"}}
[debug] [2024-10-26T09:33:49.853Z] [worker-pool] submitRequest(triggerId=us-central1-api) {"metadata":{"emulator":{"name":"functions"},"message":"[worker-pool] submitRequest(triggerId=us-central1-api)"}}
[info] i  functions: Beginning execution of "us-central1-api" {"metadata":{"emulator":{"name":"functions"},"function":{"name":"us-central1-api"},"extension":{},"message":"Beginning execution of \"us-central1-api\""}}
[debug] [2024-10-26T09:33:49.854Z] [worker-us-central1-api-52ff1931-019b-4376-a0a4-26d024f89eb3]: BUSY {"metadata":{"emulator":{"name":"functions"},"function":{"name":"us-central1-api"},"extension":{},"message":"[worker-us-central1-api-52ff1931-019b-4376-a0a4-26d024f89eb3]: BUSY"}}
[debug] [2024-10-26T09:33:49.858Z] Finishing up request with event=pause {"metadata":{"emulator":{"name":"functions"},"function":{"name":"us-central1-api"},"extension":{},"message":"Finishing up request with event=pause"}}
[info] i  functions: Finished "us-central1-api" in 4.430208ms {"metadata":{"emulator":{"name":"functions"},"function":{"name":"us-central1-api"},"extension":{},"message":"Finished \"us-central1-api\" in 4.430208ms"}}
[debug] [2024-10-26T09:33:49.858Z] [worker-us-central1-api-52ff1931-019b-4376-a0a4-26d024f89eb3]: IDLE {"metadata":{"emulator":{"name":"functions"},"function":{"name":"us-central1-api"},"extension":{},"message":"[worker-us-central1-api-52ff1931-019b-4376-a0a4-26d024f89eb3]: IDLE"}}
[debug] [2024-10-26T09:33:49.858Z] Finishing up request with event=finish {"metadata":{"emulator":{"name":"functions"},"function":{"name":"us-central1-api"},"extension":{},"message":"Finishing up request with event=finish"}}
[debug] [2024-10-26T09:33:49.858Z] Finishing up request with event=close {"metadata":{"emulator":{"name":"functions"},"function":{"name":"us-central1-api"},"extension":{},"message":"Finishing up request with event=close"}}
[debug] [2024-10-26T09:33:49.858Z] [work-queue] {"queuedWork":[],"queueLength":0,"runningWork":[],"workRunningCount":0}
[debug] [2024-10-26T09:33:49.883Z] [work-queue] {"queuedWork":["/jphacks2024/us-central1/api/messages.js-2024-10-26T09:33:49.882Z"],"queueLength":1,"runningWork":[],"workRunningCount":0}
[debug] [2024-10-26T09:33:49.887Z] [work-queue] {"queuedWork":[],"queueLength":0,"runningWork":["/jphacks2024/us-central1/api/messages.js-2024-10-26T09:33:49.882Z"],"workRunningCount":1}
[debug] [2024-10-26T09:33:49.888Z] Accepted request GET /jphacks2024/us-central1/api/messages.js --> us-central1-api
[debug] [2024-10-26T09:33:49.891Z] [functions] Runtime ready! Sending request! {"metadata":{"emulator":{"name":"functions"},"message":"[functions] Runtime ready! Sending request!"}}
[debug] [2024-10-26T09:33:49.891Z] [functions] Got req.url=/jphacks2024/us-central1/api/messages.js, mapping to path=/messages.js {"metadata":{"emulator":{"name":"functions"},"message":"[functions] Got req.url=/jphacks2024/us-central1/api/messages.js, mapping to path=/messages.js"}}
[debug] [2024-10-26T09:33:49.892Z] [worker-pool] submitRequest(triggerId=us-central1-api) {"metadata":{"emulator":{"name":"functions"},"message":"[worker-pool] submitRequest(triggerId=us-central1-api)"}}
[info] i  functions: Beginning execution of "us-central1-api" {"metadata":{"emulator":{"name":"functions"},"function":{"name":"us-central1-api"},"extension":{},"message":"Beginning execution of \"us-central1-api\""}}
[debug] [2024-10-26T09:33:49.893Z] [worker-us-central1-api-52ff1931-019b-4376-a0a4-26d024f89eb3]: BUSY {"metadata":{"emulator":{"name":"functions"},"function":{"name":"us-central1-api"},"extension":{},"message":"[worker-us-central1-api-52ff1931-019b-4376-a0a4-26d024f89eb3]: BUSY"}}
[debug] [2024-10-26T09:33:49.897Z] Finishing up request with event=pause {"metadata":{"emulator":{"name":"functions"},"function":{"name":"us-central1-api"},"extension":{},"message":"Finishing up request with event=pause"}}
[info] i  functions: Finished "us-central1-api" in 4.261292ms {"metadata":{"emulator":{"name":"functions"},"function":{"name":"us-central1-api"},"extension":{},"message":"Finished \"us-central1-api\" in 4.261292ms"}}
[debug] [2024-10-26T09:33:49.898Z] [worker-us-central1-api-52ff1931-019b-4376-a0a4-26d024f89eb3]: IDLE {"metadata":{"emulator":{"name":"functions"},"function":{"name":"us-central1-api"},"extension":{},"message":"[worker-us-central1-api-52ff1931-019b-4376-a0a4-26d024f89eb3]: IDLE"}}
[debug] [2024-10-26T09:33:49.899Z] Finishing up request with event=finish {"metadata":{"emulator":{"name":"functions"},"function":{"name":"us-central1-api"},"extension":{},"message":"Finishing up request with event=finish"}}
[debug] [2024-10-26T09:33:49.899Z] Finishing up request with event=close {"metadata":{"emulator":{"name":"functions"},"function":{"name":"us-central1-api"},"extension":{},"message":"Finishing up request with event=close"}}
[debug] [2024-10-26T09:33:49.899Z] [work-queue] {"queuedWork":[],"queueLength":0,"runningWork":[],"workRunningCount":0}
[info] ✔  functions: Loaded functions definitions from source: api. {"metadata":{"emulator":{"name":"functions"},"message":"Loaded functions definitions from source: api."}}
[debug] [2024-10-26T09:33:54.403Z] [worker-pool] Shutting down IDLE worker (us-central1-api) {"metadata":{"emulator":{"name":"functions"},"message":"[worker-pool] Shutting down IDLE worker (us-central1-api)"}}
[debug] [2024-10-26T09:33:54.403Z] [worker-us-central1-api-52ff1931-019b-4376-a0a4-26d024f89eb3]: FINISHING {"metadata":{"emulator":{"name":"functions"},"function":{"name":"us-central1-api"},"extension":{},"message":"[worker-us-central1-api-52ff1931-019b-4376-a0a4-26d024f89eb3]: FINISHING"}}
[debug] [2024-10-26T09:33:54.408Z] [worker-us-central1-api-52ff1931-019b-4376-a0a4-26d024f89eb3]: exited {"metadata":{"emulator":{"name":"functions"},"function":{"name":"us-central1-api"},"extension":{},"message":"[worker-us-central1-api-52ff1931-019b-4376-a0a4-26d024f89eb3]: exited"}}
[debug] [2024-10-26T09:33:54.408Z] [worker-us-central1-api-52ff1931-019b-4376-a0a4-26d024f89eb3]: FINISHED {"metadata":{"emulator":{"name":"functions"},"function":{"name":"us-central1-api"},"extension":{},"message":"[worker-us-central1-api-52ff1931-019b-4376-a0a4-26d024f89eb3]: FINISHED"}}
[debug] [2024-10-26T09:33:59.941Z] [work-queue] {"queuedWork":["/jphacks2024/us-central1/api/-2024-10-26T09:33:59.941Z"],"queueLength":1,"runningWork":[],"workRunningCount":0}
[debug] [2024-10-26T09:33:59.941Z] [work-queue] {"queuedWork":[],"queueLength":0,"runningWork":["/jphacks2024/us-central1/api/-2024-10-26T09:33:59.941Z"],"workRunningCount":1}
[debug] [2024-10-26T09:33:59.941Z] Accepted request GET /jphacks2024/us-central1/api/ --> us-central1-api
[debug] [2024-10-26T09:33:59.943Z] [functions] Runtime ready! Sending request! {"metadata":{"emulator":{"name":"functions"},"message":"[functions] Runtime ready! Sending request!"}}
[debug] [2024-10-26T09:33:59.944Z] [functions] Got req.url=/jphacks2024/us-central1/api/, mapping to path=/ {"metadata":{"emulator":{"name":"functions"},"message":"[functions] Got req.url=/jphacks2024/us-central1/api/, mapping to path=/"}}
[debug] [2024-10-26T09:33:59.944Z] [worker-pool] Cleaned up workers for us-central1-api: 1 --> 0 {"metadata":{"emulator":{"name":"functions"},"message":"[worker-pool] Cleaned up workers for us-central1-api: 1 --> 0"}}
[debug] [2024-10-26T09:33:59.946Z] [worker-pool] addWorker(us-central1-api) {"metadata":{"emulator":{"name":"functions"},"message":"[worker-pool] addWorker(us-central1-api)"}}
[debug] [2024-10-26T09:33:59.946Z] [worker-pool] Adding worker with key us-central1-api, total=1 {"metadata":{"emulator":{"name":"functions"},"message":"[worker-pool] Adding worker with key us-central1-api, total=1"}}
[debug] [2024-10-26T09:34:00.376Z] [runtime-status] [31222] Resolved module firebase-admin {"declared":true,"installed":true,"version":"12.7.0","resolution":"/Users/kitaniyasushinozomi/practice/jack/ng_2404/functions/node_modules/firebase-admin/lib/index.js"} {"metadata":{"emulator":{"name":"functions"},"function":{"name":"us-central1-api"},"extension":{},"message":"[runtime-status] [31222] Resolved module firebase-admin {\"declared\":true,\"installed\":true,\"version\":\"12.7.0\",\"resolution\":\"/Users/kitaniyasushinozomi/practice/jack/ng_2404/functions/node_modules/firebase-admin/lib/index.js\"}"}}
[debug] [2024-10-26T09:34:00.376Z] [runtime-status] [31222] Resolved module firebase-functions {"declared":true,"installed":true,"version":"6.1.0","resolution":"/Users/kitaniyasushinozomi/practice/jack/ng_2404/functions/node_modules/firebase-functions/lib/v2/index.js"} {"metadata":{"emulator":{"name":"functions"},"function":{"name":"us-central1-api"},"extension":{},"message":"[runtime-status] [31222] Resolved module firebase-functions {\"declared\":true,\"installed\":true,\"version\":\"6.1.0\",\"resolution\":\"/Users/kitaniyasushinozomi/practice/jack/ng_2404/functions/node_modules/firebase-functions/lib/v2/index.js\"}"}}
[debug] [2024-10-26T09:34:00.376Z] [runtime-status] [31222] Outgoing network have been stubbed. [{"name":"http","status":"mocked"},{"name":"http","status":"mocked"},{"name":"https","status":"mocked"},{"name":"https","status":"mocked"},{"name":"net","status":"mocked"}] {"metadata":{"emulator":{"name":"functions"},"function":{"name":"us-central1-api"},"extension":{},"message":"[runtime-status] [31222] Outgoing network have been stubbed. [{\"name\":\"http\",\"status\":\"mocked\"},{\"name\":\"http\",\"status\":\"mocked\"},{\"name\":\"https\",\"status\":\"mocked\"},{\"name\":\"https\",\"status\":\"mocked\"},{\"name\":\"net\",\"status\":\"mocked\"}]"}}
[debug] [2024-10-26T09:34:00.377Z] [runtime-status] [31222] Resolved module firebase-functions {"declared":true,"installed":true,"version":"6.1.0","resolution":"/Users/kitaniyasushinozomi/practice/jack/ng_2404/functions/node_modules/firebase-functions/lib/v2/index.js"} {"metadata":{"emulator":{"name":"functions"},"function":{"name":"us-central1-api"},"extension":{},"message":"[runtime-status] [31222] Resolved module firebase-functions {\"declared\":true,\"installed\":true,\"version\":\"6.1.0\",\"resolution\":\"/Users/kitaniyasushinozomi/practice/jack/ng_2404/functions/node_modules/firebase-functions/lib/v2/index.js\"}"}}
[debug] [2024-10-26T09:34:00.440Z] [runtime-status] [31222] Checked functions.config() {"config":{}} {"metadata":{"emulator":{"name":"functions"},"function":{"name":"us-central1-api"},"extension":{},"message":"[runtime-status] [31222] Checked functions.config() {\"config\":{}}"}}
[debug] [2024-10-26T09:34:00.440Z] [runtime-status] [31222] firebase-functions has been stubbed. {"functionsResolution":{"declared":true,"installed":true,"version":"6.1.0","resolution":"/Users/kitaniyasushinozomi/practice/jack/ng_2404/functions/node_modules/firebase-functions/lib/v2/index.js"}} {"metadata":{"emulator":{"name":"functions"},"function":{"name":"us-central1-api"},"extension":{},"message":"[runtime-status] [31222] firebase-functions has been stubbed. {\"functionsResolution\":{\"declared\":true,\"installed\":true,\"version\":\"6.1.0\",\"resolution\":\"/Users/kitaniyasushinozomi/practice/jack/ng_2404/functions/node_modules/firebase-functions/lib/v2/index.js\"}}"}}
[debug] [2024-10-26T09:34:00.441Z] [runtime-status] [31222] Resolved module firebase-functions {"declared":true,"installed":true,"version":"6.1.0","resolution":"/Users/kitaniyasushinozomi/practice/jack/ng_2404/functions/node_modules/firebase-functions/lib/v2/index.js"} {"metadata":{"emulator":{"name":"functions"},"function":{"name":"us-central1-api"},"extension":{},"message":"[runtime-status] [31222] Resolved module firebase-functions {\"declared\":true,\"installed\":true,\"version\":\"6.1.0\",\"resolution\":\"/Users/kitaniyasushinozomi/practice/jack/ng_2404/functions/node_modules/firebase-functions/lib/v2/index.js\"}"}}
[debug] [2024-10-26T09:34:00.443Z] [runtime-status] [31222] Resolved module firebase-admin {"declared":true,"installed":true,"version":"12.7.0","resolution":"/Users/kitaniyasushinozomi/practice/jack/ng_2404/functions/node_modules/firebase-admin/lib/index.js"} {"metadata":{"emulator":{"name":"functions"},"function":{"name":"us-central1-api"},"extension":{},"message":"[runtime-status] [31222] Resolved module firebase-admin {\"declared\":true,\"installed\":true,\"version\":\"12.7.0\",\"resolution\":\"/Users/kitaniyasushinozomi/practice/jack/ng_2404/functions/node_modules/firebase-admin/lib/index.js\"}"}}
[debug] [2024-10-26T09:34:00.443Z] [runtime-status] [31222] Resolved module firebase-functions {"declared":true,"installed":true,"version":"6.1.0","resolution":"/Users/kitaniyasushinozomi/practice/jack/ng_2404/functions/node_modules/firebase-functions/lib/v2/index.js"} {"metadata":{"emulator":{"name":"functions"},"function":{"name":"us-central1-api"},"extension":{},"message":"[runtime-status] [31222] Resolved module firebase-functions {\"declared\":true,\"installed\":true,\"version\":\"6.1.0\",\"resolution\":\"/Users/kitaniyasushinozomi/practice/jack/ng_2404/functions/node_modules/firebase-functions/lib/v2/index.js\"}"}}
[debug] [2024-10-26T09:34:00.443Z] [runtime-status] [31222] firebase-admin has been stubbed. {"adminResolution":{"declared":true,"installed":true,"version":"12.7.0","resolution":"/Users/kitaniyasushinozomi/practice/jack/ng_2404/functions/node_modules/firebase-admin/lib/index.js"}} {"metadata":{"emulator":{"name":"functions"},"function":{"name":"us-central1-api"},"extension":{},"message":"[runtime-status] [31222] firebase-admin has been stubbed. {\"adminResolution\":{\"declared\":true,\"installed\":true,\"version\":\"12.7.0\",\"resolution\":\"/Users/kitaniyasushinozomi/practice/jack/ng_2404/functions/node_modules/firebase-admin/lib/index.js\"}}"}}
[debug] [2024-10-26T09:34:00.469Z] [runtime-status] [31222] Functions runtime initialized. {"cwd":"/Users/kitaniyasushinozomi/practice/jack/ng_2404/functions","node_version":"19.8.1"} {"metadata":{"emulator":{"name":"functions"},"function":{"name":"us-central1-api"},"extension":{},"message":"[runtime-status] [31222] Functions runtime initialized. {\"cwd\":\"/Users/kitaniyasushinozomi/practice/jack/ng_2404/functions\",\"node_version\":\"19.8.1\"}"}}
[debug] [2024-10-26T09:34:00.469Z] [runtime-status] [31222] Listening to port: /var/folders/m0/9fnkln5d1m90n_vgzz7z0llw0000gn/T/fire_emu_1147d3e0d7fa7e4f.sock {"metadata":{"emulator":{"name":"functions"},"function":{"name":"us-central1-api"},"extension":{},"message":"[runtime-status] [31222] Listening to port: /var/folders/m0/9fnkln5d1m90n_vgzz7z0llw0000gn/T/fire_emu_1147d3e0d7fa7e4f.sock"}}
[debug] [2024-10-26T09:34:00.559Z] [worker-us-central1-api-f577817a-1051-48a3-9f51-2cc2520af09c]: IDLE {"metadata":{"emulator":{"name":"functions"},"function":{"name":"us-central1-api"},"extension":{},"message":"[worker-us-central1-api-f577817a-1051-48a3-9f51-2cc2520af09c]: IDLE"}}
[debug] [2024-10-26T09:34:00.559Z] [worker-pool] submitRequest(triggerId=us-central1-api) {"metadata":{"emulator":{"name":"functions"},"message":"[worker-pool] submitRequest(triggerId=us-central1-api)"}}
[info] i  functions: Beginning execution of "us-central1-api" {"metadata":{"emulator":{"name":"functions"},"function":{"name":"us-central1-api"},"extension":{},"message":"Beginning execution of \"us-central1-api\""}}
[debug] [2024-10-26T09:34:00.559Z] [worker-us-central1-api-f577817a-1051-48a3-9f51-2cc2520af09c]: BUSY {"metadata":{"emulator":{"name":"functions"},"function":{"name":"us-central1-api"},"extension":{},"message":"[worker-us-central1-api-f577817a-1051-48a3-9f51-2cc2520af09c]: BUSY"}}
[debug] [2024-10-26T09:34:00.564Z] Finishing up request with event=pause {"metadata":{"emulator":{"name":"functions"},"function":{"name":"us-central1-api"},"extension":{},"message":"Finishing up request with event=pause"}}
[info] i  functions: Finished "us-central1-api" in 5.296667ms {"metadata":{"emulator":{"name":"functions"},"function":{"name":"us-central1-api"},"extension":{},"message":"Finished \"us-central1-api\" in 5.296667ms"}}
[debug] [2024-10-26T09:34:00.564Z] [worker-us-central1-api-f577817a-1051-48a3-9f51-2cc2520af09c]: IDLE {"metadata":{"emulator":{"name":"functions"},"function":{"name":"us-central1-api"},"extension":{},"message":"[worker-us-central1-api-f577817a-1051-48a3-9f51-2cc2520af09c]: IDLE"}}
[debug] [2024-10-26T09:34:00.564Z] Finishing up request with event=finish {"metadata":{"emulator":{"name":"functions"},"function":{"name":"us-central1-api"},"extension":{},"message":"Finishing up request with event=finish"}}
[debug] [2024-10-26T09:34:00.564Z] Finishing up request with event=close {"metadata":{"emulator":{"name":"functions"},"function":{"name":"us-central1-api"},"extension":{},"message":"Finishing up request with event=close"}}
[debug] [2024-10-26T09:34:00.565Z] [work-queue] {"queuedWork":[],"queueLength":0,"runningWork":[],"workRunningCount":0}
[debug] [2024-10-26T09:34:25.892Z] [work-queue] {"queuedWork":["/jphacks2024/us-central1/api/message-2024-10-26T09:34:25.892Z"],"queueLength":1,"runningWork":[],"workRunningCount":0}
[debug] [2024-10-26T09:34:25.892Z] [work-queue] {"queuedWork":[],"queueLength":0,"runningWork":["/jphacks2024/us-central1/api/message-2024-10-26T09:34:25.892Z"],"workRunningCount":1}
[debug] [2024-10-26T09:34:25.892Z] Accepted request GET /jphacks2024/us-central1/api/message --> us-central1-api
[debug] [2024-10-26T09:34:25.895Z] [functions] Runtime ready! Sending request! {"metadata":{"emulator":{"name":"functions"},"message":"[functions] Runtime ready! Sending request!"}}
[debug] [2024-10-26T09:34:25.895Z] [functions] Got req.url=/jphacks2024/us-central1/api/message, mapping to path=/message {"metadata":{"emulator":{"name":"functions"},"message":"[functions] Got req.url=/jphacks2024/us-central1/api/message, mapping to path=/message"}}
[debug] [2024-10-26T09:34:25.895Z] [worker-pool] submitRequest(triggerId=us-central1-api) {"metadata":{"emulator":{"name":"functions"},"message":"[worker-pool] submitRequest(triggerId=us-central1-api)"}}
[info] i  functions: Beginning execution of "us-central1-api" {"metadata":{"emulator":{"name":"functions"},"function":{"name":"us-central1-api"},"extension":{},"message":"Beginning execution of \"us-central1-api\""}}
[debug] [2024-10-26T09:34:25.896Z] [worker-us-central1-api-f577817a-1051-48a3-9f51-2cc2520af09c]: BUSY {"metadata":{"emulator":{"name":"functions"},"function":{"name":"us-central1-api"},"extension":{},"message":"[worker-us-central1-api-f577817a-1051-48a3-9f51-2cc2520af09c]: BUSY"}}
[debug] [2024-10-26T09:34:25.904Z] Finishing up request with event=pause {"metadata":{"emulator":{"name":"functions"},"function":{"name":"us-central1-api"},"extension":{},"message":"Finishing up request with event=pause"}}
[info] i  functions: Finished "us-central1-api" in 8.59ms {"metadata":{"emulator":{"name":"functions"},"function":{"name":"us-central1-api"},"extension":{},"message":"Finished \"us-central1-api\" in 8.59ms"}}
[debug] [2024-10-26T09:34:25.905Z] [worker-us-central1-api-f577817a-1051-48a3-9f51-2cc2520af09c]: IDLE {"metadata":{"emulator":{"name":"functions"},"function":{"name":"us-central1-api"},"extension":{},"message":"[worker-us-central1-api-f577817a-1051-48a3-9f51-2cc2520af09c]: IDLE"}}
[debug] [2024-10-26T09:34:25.905Z] Finishing up request with event=finish {"metadata":{"emulator":{"name":"functions"},"function":{"name":"us-central1-api"},"extension":{},"message":"Finishing up request with event=finish"}}
[debug] [2024-10-26T09:34:25.905Z] Finishing up request with event=close {"metadata":{"emulator":{"name":"functions"},"function":{"name":"us-central1-api"},"extension":{},"message":"Finishing up request with event=close"}}
[debug] [2024-10-26T09:34:25.906Z] [work-queue] {"queuedWork":[],"queueLength":0,"runningWork":[],"workRunningCount":0}
[debug] [2024-10-26T09:34:33.851Z] [work-queue] {"queuedWork":["/jphacks2024/us-central1/api/messages.html-2024-10-26T09:34:33.851Z"],"queueLength":1,"runningWork":[],"workRunningCount":0}
[debug] [2024-10-26T09:34:33.851Z] [work-queue] {"queuedWork":[],"queueLength":0,"runningWork":["/jphacks2024/us-central1/api/messages.html-2024-10-26T09:34:33.851Z"],"workRunningCount":1}
[debug] [2024-10-26T09:34:33.851Z] Accepted request GET /jphacks2024/us-central1/api/messages.html --> us-central1-api
[debug] [2024-10-26T09:34:33.854Z] [functions] Runtime ready! Sending request! {"metadata":{"emulator":{"name":"functions"},"message":"[functions] Runtime ready! Sending request!"}}
[debug] [2024-10-26T09:34:33.854Z] [functions] Got req.url=/jphacks2024/us-central1/api/messages.html, mapping to path=/messages.html {"metadata":{"emulator":{"name":"functions"},"message":"[functions] Got req.url=/jphacks2024/us-central1/api/messages.html, mapping to path=/messages.html"}}
[debug] [2024-10-26T09:34:33.854Z] [worker-pool] submitRequest(triggerId=us-central1-api) {"metadata":{"emulator":{"name":"functions"},"message":"[worker-pool] submitRequest(triggerId=us-central1-api)"}}
[info] i  functions: Beginning execution of "us-central1-api" {"metadata":{"emulator":{"name":"functions"},"function":{"name":"us-central1-api"},"extension":{},"message":"Beginning execution of \"us-central1-api\""}}
[debug] [2024-10-26T09:34:33.855Z] [worker-us-central1-api-f577817a-1051-48a3-9f51-2cc2520af09c]: BUSY {"metadata":{"emulator":{"name":"functions"},"function":{"name":"us-central1-api"},"extension":{},"message":"[worker-us-central1-api-f577817a-1051-48a3-9f51-2cc2520af09c]: BUSY"}}
[debug] [2024-10-26T09:34:33.860Z] Finishing up request with event=pause {"metadata":{"emulator":{"name":"functions"},"function":{"name":"us-central1-api"},"extension":{},"message":"Finishing up request with event=pause"}}
[info] i  functions: Finished "us-central1-api" in 5.114167ms {"metadata":{"emulator":{"name":"functions"},"function":{"name":"us-central1-api"},"extension":{},"message":"Finished \"us-central1-api\" in 5.114167ms"}}
[debug] [2024-10-26T09:34:33.860Z] [worker-us-central1-api-f577817a-1051-48a3-9f51-2cc2520af09c]: IDLE {"metadata":{"emulator":{"name":"functions"},"function":{"name":"us-central1-api"},"extension":{},"message":"[worker-us-central1-api-f577817a-1051-48a3-9f51-2cc2520af09c]: IDLE"}}
[debug] [2024-10-26T09:34:33.861Z] Finishing up request with event=finish {"metadata":{"emulator":{"name":"functions"},"function":{"name":"us-central1-api"},"extension":{},"message":"Finishing up request with event=finish"}}
[debug] [2024-10-26T09:34:33.862Z] Finishing up request with event=close {"metadata":{"emulator":{"name":"functions"},"function":{"name":"us-central1-api"},"extension":{},"message":"Finishing up request with event=close"}}
[debug] [2024-10-26T09:34:33.862Z] [work-queue] {"queuedWork":[],"queueLength":0,"runningWork":[],"workRunningCount":0}
[debug] [2024-10-26T09:34:33.887Z] [work-queue] {"queuedWork":["/jphacks2024/us-central1/api/messages.js-2024-10-26T09:34:33.887Z"],"queueLength":1,"runningWork":[],"workRunningCount":0}
[debug] [2024-10-26T09:34:33.888Z] [work-queue] {"queuedWork":[],"queueLength":0,"runningWork":["/jphacks2024/us-central1/api/messages.js-2024-10-26T09:34:33.887Z"],"workRunningCount":1}
[debug] [2024-10-26T09:34:33.888Z] Accepted request GET /jphacks2024/us-central1/api/messages.js --> us-central1-api
[debug] [2024-10-26T09:34:33.896Z] [functions] Runtime ready! Sending request! {"metadata":{"emulator":{"name":"functions"},"message":"[functions] Runtime ready! Sending request!"}}
[debug] [2024-10-26T09:34:33.899Z] [functions] Got req.url=/jphacks2024/us-central1/api/messages.js, mapping to path=/messages.js {"metadata":{"emulator":{"name":"functions"},"message":"[functions] Got req.url=/jphacks2024/us-central1/api/messages.js, mapping to path=/messages.js"}}
[debug] [2024-10-26T09:34:33.900Z] [worker-pool] submitRequest(triggerId=us-central1-api) {"metadata":{"emulator":{"name":"functions"},"message":"[worker-pool] submitRequest(triggerId=us-central1-api)"}}
[info] i  functions: Beginning execution of "us-central1-api" {"metadata":{"emulator":{"name":"functions"},"function":{"name":"us-central1-api"},"extension":{},"message":"Beginning execution of \"us-central1-api\""}}
[debug] [2024-10-26T09:34:33.901Z] [worker-us-central1-api-f577817a-1051-48a3-9f51-2cc2520af09c]: BUSY {"metadata":{"emulator":{"name":"functions"},"function":{"name":"us-central1-api"},"extension":{},"message":"[worker-us-central1-api-f577817a-1051-48a3-9f51-2cc2520af09c]: BUSY"}}
[debug] [2024-10-26T09:34:33.904Z] Finishing up request with event=pause {"metadata":{"emulator":{"name":"functions"},"function":{"name":"us-central1-api"},"extension":{},"message":"Finishing up request with event=pause"}}
[info] i  functions: Finished "us-central1-api" in 3.160209ms {"metadata":{"emulator":{"name":"functions"},"function":{"name":"us-central1-api"},"extension":{},"message":"Finished \"us-central1-api\" in 3.160209ms"}}
[debug] [2024-10-26T09:34:33.904Z] [worker-us-central1-api-f577817a-1051-48a3-9f51-2cc2520af09c]: IDLE {"metadata":{"emulator":{"name":"functions"},"function":{"name":"us-central1-api"},"extension":{},"message":"[worker-us-central1-api-f577817a-1051-48a3-9f51-2cc2520af09c]: IDLE"}}
[debug] [2024-10-26T09:34:33.905Z] Finishing up request with event=finish {"metadata":{"emulator":{"name":"functions"},"function":{"name":"us-central1-api"},"extension":{},"message":"Finishing up request with event=finish"}}
[debug] [2024-10-26T09:34:33.905Z] Finishing up request with event=close {"metadata":{"emulator":{"name":"functions"},"function":{"name":"us-central1-api"},"extension":{},"message":"Finishing up request with event=close"}}
[debug] [2024-10-26T09:34:33.905Z] [work-queue] {"queuedWork":[],"queueLength":0,"runningWork":[],"workRunningCount":0}
[debug] [2024-10-26T09:36:15.360Z] [work-queue] {"queuedWork":["/jphacks2024/us-central1/api/messages.html-2024-10-26T09:36:15.360Z"],"queueLength":1,"runningWork":[],"workRunningCount":0}
[debug] [2024-10-26T09:36:15.361Z] [work-queue] {"queuedWork":[],"queueLength":0,"runningWork":["/jphacks2024/us-central1/api/messages.html-2024-10-26T09:36:15.360Z"],"workRunningCount":1}
[debug] [2024-10-26T09:36:15.361Z] Accepted request GET /jphacks2024/us-central1/api/messages.html --> us-central1-api
[debug] [2024-10-26T09:36:15.364Z] [functions] Runtime ready! Sending request! {"metadata":{"emulator":{"name":"functions"},"message":"[functions] Runtime ready! Sending request!"}}
[debug] [2024-10-26T09:36:15.364Z] [functions] Got req.url=/jphacks2024/us-central1/api/messages.html, mapping to path=/messages.html {"metadata":{"emulator":{"name":"functions"},"message":"[functions] Got req.url=/jphacks2024/us-central1/api/messages.html, mapping to path=/messages.html"}}
[debug] [2024-10-26T09:36:15.364Z] [worker-pool] submitRequest(triggerId=us-central1-api) {"metadata":{"emulator":{"name":"functions"},"message":"[worker-pool] submitRequest(triggerId=us-central1-api)"}}
[info] i  functions: Beginning execution of "us-central1-api" {"metadata":{"emulator":{"name":"functions"},"function":{"name":"us-central1-api"},"extension":{},"message":"Beginning execution of \"us-central1-api\""}}
[debug] [2024-10-26T09:36:15.365Z] [worker-us-central1-api-f577817a-1051-48a3-9f51-2cc2520af09c]: BUSY {"metadata":{"emulator":{"name":"functions"},"function":{"name":"us-central1-api"},"extension":{},"message":"[worker-us-central1-api-f577817a-1051-48a3-9f51-2cc2520af09c]: BUSY"}}
[debug] [2024-10-26T09:36:15.369Z] Finishing up request with event=pause {"metadata":{"emulator":{"name":"functions"},"function":{"name":"us-central1-api"},"extension":{},"message":"Finishing up request with event=pause"}}
[info] i  functions: Finished "us-central1-api" in 4.158083ms {"metadata":{"emulator":{"name":"functions"},"function":{"name":"us-central1-api"},"extension":{},"message":"Finished \"us-central1-api\" in 4.158083ms"}}
[debug] [2024-10-26T09:36:15.369Z] [worker-us-central1-api-f577817a-1051-48a3-9f51-2cc2520af09c]: IDLE {"metadata":{"emulator":{"name":"functions"},"function":{"name":"us-central1-api"},"extension":{},"message":"[worker-us-central1-api-f577817a-1051-48a3-9f51-2cc2520af09c]: IDLE"}}
[debug] [2024-10-26T09:36:15.369Z] Finishing up request with event=finish {"metadata":{"emulator":{"name":"functions"},"function":{"name":"us-central1-api"},"extension":{},"message":"Finishing up request with event=finish"}}
[debug] [2024-10-26T09:36:15.370Z] Finishing up request with event=close {"metadata":{"emulator":{"name":"functions"},"function":{"name":"us-central1-api"},"extension":{},"message":"Finishing up request with event=close"}}
[debug] [2024-10-26T09:36:15.370Z] [work-queue] {"queuedWork":[],"queueLength":0,"runningWork":[],"workRunningCount":0}
[debug] [2024-10-26T09:36:16.383Z] [work-queue] {"queuedWork":["/jphacks2024/us-central1/api/messages.html-2024-10-26T09:36:16.383Z"],"queueLength":1,"runningWork":[],"workRunningCount":0}
[debug] [2024-10-26T09:36:16.383Z] [work-queue] {"queuedWork":[],"queueLength":0,"runningWork":["/jphacks2024/us-central1/api/messages.html-2024-10-26T09:36:16.383Z"],"workRunningCount":1}
[debug] [2024-10-26T09:36:16.384Z] Accepted request GET /jphacks2024/us-central1/api/messages.html --> us-central1-api
[debug] [2024-10-26T09:36:16.384Z] [functions] Runtime ready! Sending request! {"metadata":{"emulator":{"name":"functions"},"message":"[functions] Runtime ready! Sending request!"}}
[debug] [2024-10-26T09:36:16.384Z] [functions] Got req.url=/jphacks2024/us-central1/api/messages.html, mapping to path=/messages.html {"metadata":{"emulator":{"name":"functions"},"message":"[functions] Got req.url=/jphacks2024/us-central1/api/messages.html, mapping to path=/messages.html"}}
[debug] [2024-10-26T09:36:16.384Z] [worker-pool] submitRequest(triggerId=us-central1-api) {"metadata":{"emulator":{"name":"functions"},"message":"[worker-pool] submitRequest(triggerId=us-central1-api)"}}
[info] i  functions: Beginning execution of "us-central1-api" {"metadata":{"emulator":{"name":"functions"},"function":{"name":"us-central1-api"},"extension":{},"message":"Beginning execution of \"us-central1-api\""}}
[debug] [2024-10-26T09:36:16.385Z] [worker-us-central1-api-f577817a-1051-48a3-9f51-2cc2520af09c]: BUSY {"metadata":{"emulator":{"name":"functions"},"function":{"name":"us-central1-api"},"extension":{},"message":"[worker-us-central1-api-f577817a-1051-48a3-9f51-2cc2520af09c]: BUSY"}}
[debug] [2024-10-26T09:36:16.387Z] Finishing up request with event=pause {"metadata":{"emulator":{"name":"functions"},"function":{"name":"us-central1-api"},"extension":{},"message":"Finishing up request with event=pause"}}
[info] i  functions: Finished "us-central1-api" in 2.925375ms {"metadata":{"emulator":{"name":"functions"},"function":{"name":"us-central1-api"},"extension":{},"message":"Finished \"us-central1-api\" in 2.925375ms"}}
[debug] [2024-10-26T09:36:16.388Z] [worker-us-central1-api-f577817a-1051-48a3-9f51-2cc2520af09c]: IDLE {"metadata":{"emulator":{"name":"functions"},"function":{"name":"us-central1-api"},"extension":{},"message":"[worker-us-central1-api-f577817a-1051-48a3-9f51-2cc2520af09c]: IDLE"}}
[debug] [2024-10-26T09:36:16.389Z] Finishing up request with event=finish {"metadata":{"emulator":{"name":"functions"},"function":{"name":"us-central1-api"},"extension":{},"message":"Finishing up request with event=finish"}}
[debug] [2024-10-26T09:36:16.389Z] Finishing up request with event=close {"metadata":{"emulator":{"name":"functions"},"function":{"name":"us-central1-api"},"extension":{},"message":"Finishing up request with event=close"}}
[debug] [2024-10-26T09:36:16.389Z] [work-queue] {"queuedWork":[],"queueLength":0,"runningWork":[],"workRunningCount":0}
[debug] [2024-10-26T09:36:16.810Z] [work-queue] {"queuedWork":["/jphacks2024/us-central1/api/messages.html-2024-10-26T09:36:16.810Z"],"queueLength":1,"runningWork":[],"workRunningCount":0}
[debug] [2024-10-26T09:36:16.810Z] [work-queue] {"queuedWork":[],"queueLength":0,"runningWork":["/jphacks2024/us-central1/api/messages.html-2024-10-26T09:36:16.810Z"],"workRunningCount":1}
[debug] [2024-10-26T09:36:16.810Z] Accepted request GET /jphacks2024/us-central1/api/messages.html --> us-central1-api
[debug] [2024-10-26T09:36:16.811Z] [functions] Runtime ready! Sending request! {"metadata":{"emulator":{"name":"functions"},"message":"[functions] Runtime ready! Sending request!"}}
[debug] [2024-10-26T09:36:16.811Z] [functions] Got req.url=/jphacks2024/us-central1/api/messages.html, mapping to path=/messages.html {"metadata":{"emulator":{"name":"functions"},"message":"[functions] Got req.url=/jphacks2024/us-central1/api/messages.html, mapping to path=/messages.html"}}
[debug] [2024-10-26T09:36:16.811Z] [worker-pool] submitRequest(triggerId=us-central1-api) {"metadata":{"emulator":{"name":"functions"},"message":"[worker-pool] submitRequest(triggerId=us-central1-api)"}}
[info] i  functions: Beginning execution of "us-central1-api" {"metadata":{"emulator":{"name":"functions"},"function":{"name":"us-central1-api"},"extension":{},"message":"Beginning execution of \"us-central1-api\""}}
[debug] [2024-10-26T09:36:16.812Z] [worker-us-central1-api-f577817a-1051-48a3-9f51-2cc2520af09c]: BUSY {"metadata":{"emulator":{"name":"functions"},"function":{"name":"us-central1-api"},"extension":{},"message":"[worker-us-central1-api-f577817a-1051-48a3-9f51-2cc2520af09c]: BUSY"}}
[debug] [2024-10-26T09:36:16.814Z] Finishing up request with event=pause {"metadata":{"emulator":{"name":"functions"},"function":{"name":"us-central1-api"},"extension":{},"message":"Finishing up request with event=pause"}}
[info] i  functions: Finished "us-central1-api" in 2.774625ms {"metadata":{"emulator":{"name":"functions"},"function":{"name":"us-central1-api"},"extension":{},"message":"Finished \"us-central1-api\" in 2.774625ms"}}
[debug] [2024-10-26T09:36:16.815Z] [worker-us-central1-api-f577817a-1051-48a3-9f51-2cc2520af09c]: IDLE {"metadata":{"emulator":{"name":"functions"},"function":{"name":"us-central1-api"},"extension":{},"message":"[worker-us-central1-api-f577817a-1051-48a3-9f51-2cc2520af09c]: IDLE"}}
[debug] [2024-10-26T09:36:16.815Z] Finishing up request with event=finish {"metadata":{"emulator":{"name":"functions"},"function":{"name":"us-central1-api"},"extension":{},"message":"Finishing up request with event=finish"}}
[debug] [2024-10-26T09:36:16.815Z] Finishing up request with event=close {"metadata":{"emulator":{"name":"functions"},"function":{"name":"us-central1-api"},"extension":{},"message":"Finishing up request with event=close"}}
[debug] [2024-10-26T09:36:16.815Z] [work-queue] {"queuedWork":[],"queueLength":0,"runningWork":[],"workRunningCount":0}
[debug] [2024-10-26T09:37:45.804Z] [work-queue] {"queuedWork":["/jphacks2024/us-central1/api/messages.html-2024-10-26T09:37:45.804Z"],"queueLength":1,"runningWork":[],"workRunningCount":0}
[debug] [2024-10-26T09:37:45.804Z] [work-queue] {"queuedWork":[],"queueLength":0,"runningWork":["/jphacks2024/us-central1/api/messages.html-2024-10-26T09:37:45.804Z"],"workRunningCount":1}
[debug] [2024-10-26T09:37:45.804Z] Accepted request GET /jphacks2024/us-central1/api/messages.html --> us-central1-api
[debug] [2024-10-26T09:37:45.806Z] [functions] Runtime ready! Sending request! {"metadata":{"emulator":{"name":"functions"},"message":"[functions] Runtime ready! Sending request!"}}
[debug] [2024-10-26T09:37:45.806Z] [functions] Got req.url=/jphacks2024/us-central1/api/messages.html, mapping to path=/messages.html {"metadata":{"emulator":{"name":"functions"},"message":"[functions] Got req.url=/jphacks2024/us-central1/api/messages.html, mapping to path=/messages.html"}}
[debug] [2024-10-26T09:37:45.806Z] [worker-pool] submitRequest(triggerId=us-central1-api) {"metadata":{"emulator":{"name":"functions"},"message":"[worker-pool] submitRequest(triggerId=us-central1-api)"}}
[info] i  functions: Beginning execution of "us-central1-api" {"metadata":{"emulator":{"name":"functions"},"function":{"name":"us-central1-api"},"extension":{},"message":"Beginning execution of \"us-central1-api\""}}
[debug] [2024-10-26T09:37:45.806Z] [worker-us-central1-api-f577817a-1051-48a3-9f51-2cc2520af09c]: BUSY {"metadata":{"emulator":{"name":"functions"},"function":{"name":"us-central1-api"},"extension":{},"message":"[worker-us-central1-api-f577817a-1051-48a3-9f51-2cc2520af09c]: BUSY"}}
[debug] [2024-10-26T09:37:45.808Z] Finishing up request with event=pause {"metadata":{"emulator":{"name":"functions"},"function":{"name":"us-central1-api"},"extension":{},"message":"Finishing up request with event=pause"}}
[info] i  functions: Finished "us-central1-api" in 1.476042ms {"metadata":{"emulator":{"name":"functions"},"function":{"name":"us-central1-api"},"extension":{},"message":"Finished \"us-central1-api\" in 1.476042ms"}}
[debug] [2024-10-26T09:37:45.808Z] [worker-us-central1-api-f577817a-1051-48a3-9f51-2cc2520af09c]: IDLE {"metadata":{"emulator":{"name":"functions"},"function":{"name":"us-central1-api"},"extension":{},"message":"[worker-us-central1-api-f577817a-1051-48a3-9f51-2cc2520af09c]: IDLE"}}
[debug] [2024-10-26T09:37:45.808Z] Finishing up request with event=finish {"metadata":{"emulator":{"name":"functions"},"function":{"name":"us-central1-api"},"extension":{},"message":"Finishing up request with event=finish"}}
[debug] [2024-10-26T09:37:45.808Z] Finishing up request with event=close {"metadata":{"emulator":{"name":"functions"},"function":{"name":"us-central1-api"},"extension":{},"message":"Finishing up request with event=close"}}
[debug] [2024-10-26T09:37:45.808Z] [work-queue] {"queuedWork":[],"queueLength":0,"runningWork":[],"workRunningCount":0}
[debug] [2024-10-26T09:37:53.417Z] [work-queue] {"queuedWork":["/jphacks2024/us-central1/api-2024-10-26T09:37:53.417Z"],"queueLength":1,"runningWork":[],"workRunningCount":0}
[debug] [2024-10-26T09:37:53.417Z] [work-queue] {"queuedWork":[],"queueLength":0,"runningWork":["/jphacks2024/us-central1/api-2024-10-26T09:37:53.417Z"],"workRunningCount":1}
[debug] [2024-10-26T09:37:53.417Z] Accepted request GET /jphacks2024/us-central1/api --> us-central1-api
[debug] [2024-10-26T09:37:53.420Z] [functions] Runtime ready! Sending request! {"metadata":{"emulator":{"name":"functions"},"message":"[functions] Runtime ready! Sending request!"}}
[debug] [2024-10-26T09:37:53.420Z] [functions] Got req.url=/jphacks2024/us-central1/api, mapping to path=/ {"metadata":{"emulator":{"name":"functions"},"message":"[functions] Got req.url=/jphacks2024/us-central1/api, mapping to path=/"}}
[debug] [2024-10-26T09:37:53.421Z] [worker-pool] submitRequest(triggerId=us-central1-api) {"metadata":{"emulator":{"name":"functions"},"message":"[worker-pool] submitRequest(triggerId=us-central1-api)"}}
[info] i  functions: Beginning execution of "us-central1-api" {"metadata":{"emulator":{"name":"functions"},"function":{"name":"us-central1-api"},"extension":{},"message":"Beginning execution of \"us-central1-api\""}}
[debug] [2024-10-26T09:37:53.421Z] [worker-us-central1-api-f577817a-1051-48a3-9f51-2cc2520af09c]: BUSY {"metadata":{"emulator":{"name":"functions"},"function":{"name":"us-central1-api"},"extension":{},"message":"[worker-us-central1-api-f577817a-1051-48a3-9f51-2cc2520af09c]: BUSY"}}
[debug] [2024-10-26T09:37:53.425Z] Finishing up request with event=pause {"metadata":{"emulator":{"name":"functions"},"function":{"name":"us-central1-api"},"extension":{},"message":"Finishing up request with event=pause"}}
[info] i  functions: Finished "us-central1-api" in 4.927833ms {"metadata":{"emulator":{"name":"functions"},"function":{"name":"us-central1-api"},"extension":{},"message":"Finished \"us-central1-api\" in 4.927833ms"}}
[debug] [2024-10-26T09:37:53.426Z] [worker-us-central1-api-f577817a-1051-48a3-9f51-2cc2520af09c]: IDLE {"metadata":{"emulator":{"name":"functions"},"function":{"name":"us-central1-api"},"extension":{},"message":"[worker-us-central1-api-f577817a-1051-48a3-9f51-2cc2520af09c]: IDLE"}}
[debug] [2024-10-26T09:37:53.427Z] Finishing up request with event=finish {"metadata":{"emulator":{"name":"functions"},"function":{"name":"us-central1-api"},"extension":{},"message":"Finishing up request with event=finish"}}
[debug] [2024-10-26T09:37:53.428Z] Finishing up request with event=close {"metadata":{"emulator":{"name":"functions"},"function":{"name":"us-central1-api"},"extension":{},"message":"Finishing up request with event=close"}}
[debug] [2024-10-26T09:37:53.429Z] [work-queue] {"queuedWork":[],"queueLength":0,"runningWork":[],"workRunningCount":0}
[debug] [2024-10-26T09:38:04.935Z] [work-queue] {"queuedWork":["/jphacks2024/us-central1/messages.html-2024-10-26T09:38:04.935Z"],"queueLength":1,"runningWork":[],"workRunningCount":0}
[debug] [2024-10-26T09:38:04.936Z] [work-queue] {"queuedWork":[],"queueLength":0,"runningWork":["/jphacks2024/us-central1/messages.html-2024-10-26T09:38:04.935Z"],"workRunningCount":1}
[debug] [2024-10-26T09:38:04.940Z] [work-queue] {"queuedWork":[],"queueLength":0,"runningWork":[],"workRunningCount":0}
[debug] [2024-10-26T09:38:05.052Z] Functions emulator received unknown request at path /favicon.ico
[debug] [2024-10-26T09:38:31.268Z] [work-queue] {"queuedWork":["/jphacks2024/us-central1/api/messages.html-2024-10-26T09:38:31.268Z"],"queueLength":1,"runningWork":[],"workRunningCount":0}
[debug] [2024-10-26T09:38:31.268Z] [work-queue] {"queuedWork":[],"queueLength":0,"runningWork":["/jphacks2024/us-central1/api/messages.html-2024-10-26T09:38:31.268Z"],"workRunningCount":1}
[debug] [2024-10-26T09:38:31.268Z] Accepted request GET /jphacks2024/us-central1/api/messages.html --> us-central1-api
[debug] [2024-10-26T09:38:31.270Z] [functions] Runtime ready! Sending request! {"metadata":{"emulator":{"name":"functions"},"message":"[functions] Runtime ready! Sending request!"}}
[debug] [2024-10-26T09:38:31.270Z] [functions] Got req.url=/jphacks2024/us-central1/api/messages.html, mapping to path=/messages.html {"metadata":{"emulator":{"name":"functions"},"message":"[functions] Got req.url=/jphacks2024/us-central1/api/messages.html, mapping to path=/messages.html"}}
[debug] [2024-10-26T09:38:31.270Z] [worker-pool] submitRequest(triggerId=us-central1-api) {"metadata":{"emulator":{"name":"functions"},"message":"[worker-pool] submitRequest(triggerId=us-central1-api)"}}
[info] i  functions: Beginning execution of "us-central1-api" {"metadata":{"emulator":{"name":"functions"},"function":{"name":"us-central1-api"},"extension":{},"message":"Beginning execution of \"us-central1-api\""}}
[debug] [2024-10-26T09:38:31.271Z] [worker-us-central1-api-f577817a-1051-48a3-9f51-2cc2520af09c]: BUSY {"metadata":{"emulator":{"name":"functions"},"function":{"name":"us-central1-api"},"extension":{},"message":"[worker-us-central1-api-f577817a-1051-48a3-9f51-2cc2520af09c]: BUSY"}}
[debug] [2024-10-26T09:38:31.273Z] Finishing up request with event=pause {"metadata":{"emulator":{"name":"functions"},"function":{"name":"us-central1-api"},"extension":{},"message":"Finishing up request with event=pause"}}
[info] i  functions: Finished "us-central1-api" in 3.060416ms {"metadata":{"emulator":{"name":"functions"},"function":{"name":"us-central1-api"},"extension":{},"message":"Finished \"us-central1-api\" in 3.060416ms"}}
[debug] [2024-10-26T09:38:31.274Z] [worker-us-central1-api-f577817a-1051-48a3-9f51-2cc2520af09c]: IDLE {"metadata":{"emulator":{"name":"functions"},"function":{"name":"us-central1-api"},"extension":{},"message":"[worker-us-central1-api-f577817a-1051-48a3-9f51-2cc2520af09c]: IDLE"}}
[debug] [2024-10-26T09:38:31.275Z] Finishing up request with event=finish {"metadata":{"emulator":{"name":"functions"},"function":{"name":"us-central1-api"},"extension":{},"message":"Finishing up request with event=finish"}}
[debug] [2024-10-26T09:38:31.275Z] Finishing up request with event=close {"metadata":{"emulator":{"name":"functions"},"function":{"name":"us-central1-api"},"extension":{},"message":"Finishing up request with event=close"}}
[debug] [2024-10-26T09:38:31.275Z] [work-queue] {"queuedWork":[],"queueLength":0,"runningWork":[],"workRunningCount":0}
[debug] [2024-10-26T09:39:13.024Z] [work-queue] {"queuedWork":["/jphacks2024/us-central1/api/messages.html-2024-10-26T09:39:13.024Z"],"queueLength":1,"runningWork":[],"workRunningCount":0}
[debug] [2024-10-26T09:39:13.024Z] [work-queue] {"queuedWork":[],"queueLength":0,"runningWork":["/jphacks2024/us-central1/api/messages.html-2024-10-26T09:39:13.024Z"],"workRunningCount":1}
[debug] [2024-10-26T09:39:13.024Z] Accepted request GET /jphacks2024/us-central1/api/messages.html --> us-central1-api
[debug] [2024-10-26T09:39:13.025Z] [functions] Runtime ready! Sending request! {"metadata":{"emulator":{"name":"functions"},"message":"[functions] Runtime ready! Sending request!"}}
[debug] [2024-10-26T09:39:13.026Z] [functions] Got req.url=/jphacks2024/us-central1/api/messages.html, mapping to path=/messages.html {"metadata":{"emulator":{"name":"functions"},"message":"[functions] Got req.url=/jphacks2024/us-central1/api/messages.html, mapping to path=/messages.html"}}
[debug] [2024-10-26T09:39:13.026Z] [worker-pool] submitRequest(triggerId=us-central1-api) {"metadata":{"emulator":{"name":"functions"},"message":"[worker-pool] submitRequest(triggerId=us-central1-api)"}}
[info] i  functions: Beginning execution of "us-central1-api" {"metadata":{"emulator":{"name":"functions"},"function":{"name":"us-central1-api"},"extension":{},"message":"Beginning execution of \"us-central1-api\""}}
[debug] [2024-10-26T09:39:13.026Z] [worker-us-central1-api-f577817a-1051-48a3-9f51-2cc2520af09c]: BUSY {"metadata":{"emulator":{"name":"functions"},"function":{"name":"us-central1-api"},"extension":{},"message":"[worker-us-central1-api-f577817a-1051-48a3-9f51-2cc2520af09c]: BUSY"}}
[debug] [2024-10-26T09:39:13.027Z] Finishing up request with event=pause {"metadata":{"emulator":{"name":"functions"},"function":{"name":"us-central1-api"},"extension":{},"message":"Finishing up request with event=pause"}}
[info] i  functions: Finished "us-central1-api" in 1.160041ms {"metadata":{"emulator":{"name":"functions"},"function":{"name":"us-central1-api"},"extension":{},"message":"Finished \"us-central1-api\" in 1.160041ms"}}
[debug] [2024-10-26T09:39:13.027Z] [worker-us-central1-api-f577817a-1051-48a3-9f51-2cc2520af09c]: IDLE {"metadata":{"emulator":{"name":"functions"},"function":{"name":"us-central1-api"},"extension":{},"message":"[worker-us-central1-api-f577817a-1051-48a3-9f51-2cc2520af09c]: IDLE"}}
[debug] [2024-10-26T09:39:13.027Z] Finishing up request with event=finish {"metadata":{"emulator":{"name":"functions"},"function":{"name":"us-central1-api"},"extension":{},"message":"Finishing up request with event=finish"}}
[debug] [2024-10-26T09:39:13.027Z] Finishing up request with event=close {"metadata":{"emulator":{"name":"functions"},"function":{"name":"us-central1-api"},"extension":{},"message":"Finishing up request with event=close"}}
[debug] [2024-10-26T09:39:13.027Z] [work-queue] {"queuedWork":[],"queueLength":0,"runningWork":[],"workRunningCount":0}
[debug] [2024-10-26T09:39:20.175Z] Functions emulator received unknown request at path /jphacks2024/us-central1/
[debug] [2024-10-26T09:39:25.481Z] [work-queue] {"queuedWork":["/jphacks2024/us-central1/api-2024-10-26T09:39:25.481Z"],"queueLength":1,"runningWork":[],"workRunningCount":0}
[debug] [2024-10-26T09:39:25.481Z] [work-queue] {"queuedWork":[],"queueLength":0,"runningWork":["/jphacks2024/us-central1/api-2024-10-26T09:39:25.481Z"],"workRunningCount":1}
[debug] [2024-10-26T09:39:25.481Z] Accepted request GET /jphacks2024/us-central1/api --> us-central1-api
[debug] [2024-10-26T09:39:25.484Z] [functions] Runtime ready! Sending request! {"metadata":{"emulator":{"name":"functions"},"message":"[functions] Runtime ready! Sending request!"}}
[debug] [2024-10-26T09:39:25.484Z] [functions] Got req.url=/jphacks2024/us-central1/api, mapping to path=/ {"metadata":{"emulator":{"name":"functions"},"message":"[functions] Got req.url=/jphacks2024/us-central1/api, mapping to path=/"}}
[debug] [2024-10-26T09:39:25.484Z] [worker-pool] submitRequest(triggerId=us-central1-api) {"metadata":{"emulator":{"name":"functions"},"message":"[worker-pool] submitRequest(triggerId=us-central1-api)"}}
[info] i  functions: Beginning execution of "us-central1-api" {"metadata":{"emulator":{"name":"functions"},"function":{"name":"us-central1-api"},"extension":{},"message":"Beginning execution of \"us-central1-api\""}}
[debug] [2024-10-26T09:39:25.485Z] [worker-us-central1-api-f577817a-1051-48a3-9f51-2cc2520af09c]: BUSY {"metadata":{"emulator":{"name":"functions"},"function":{"name":"us-central1-api"},"extension":{},"message":"[worker-us-central1-api-f577817a-1051-48a3-9f51-2cc2520af09c]: BUSY"}}
[debug] [2024-10-26T09:39:25.488Z] Finishing up request with event=pause {"metadata":{"emulator":{"name":"functions"},"function":{"name":"us-central1-api"},"extension":{},"message":"Finishing up request with event=pause"}}
[info] i  functions: Finished "us-central1-api" in 3.993375ms {"metadata":{"emulator":{"name":"functions"},"function":{"name":"us-central1-api"},"extension":{},"message":"Finished \"us-central1-api\" in 3.993375ms"}}
[debug] [2024-10-26T09:39:25.489Z] [worker-us-central1-api-f577817a-1051-48a3-9f51-2cc2520af09c]: IDLE {"metadata":{"emulator":{"name":"functions"},"function":{"name":"us-central1-api"},"extension":{},"message":"[worker-us-central1-api-f577817a-1051-48a3-9f51-2cc2520af09c]: IDLE"}}
[debug] [2024-10-26T09:39:25.489Z] Finishing up request with event=finish {"metadata":{"emulator":{"name":"functions"},"function":{"name":"us-central1-api"},"extension":{},"message":"Finishing up request with event=finish"}}
[debug] [2024-10-26T09:39:25.489Z] Finishing up request with event=close {"metadata":{"emulator":{"name":"functions"},"function":{"name":"us-central1-api"},"extension":{},"message":"Finishing up request with event=close"}}
[debug] [2024-10-26T09:39:25.489Z] [work-queue] {"queuedWork":[],"queueLength":0,"runningWork":[],"workRunningCount":0}
[debug] [2024-10-26T09:39:34.441Z] [work-queue] {"queuedWork":["/jphacks2024/us-central1/api/messages.html-2024-10-26T09:39:34.441Z"],"queueLength":1,"runningWork":[],"workRunningCount":0}
[debug] [2024-10-26T09:39:34.441Z] [work-queue] {"queuedWork":[],"queueLength":0,"runningWork":["/jphacks2024/us-central1/api/messages.html-2024-10-26T09:39:34.441Z"],"workRunningCount":1}
[debug] [2024-10-26T09:39:34.441Z] Accepted request GET /jphacks2024/us-central1/api/messages.html --> us-central1-api
[debug] [2024-10-26T09:39:34.444Z] [functions] Runtime ready! Sending request! {"metadata":{"emulator":{"name":"functions"},"message":"[functions] Runtime ready! Sending request!"}}
[debug] [2024-10-26T09:39:34.445Z] [functions] Got req.url=/jphacks2024/us-central1/api/messages.html, mapping to path=/messages.html {"metadata":{"emulator":{"name":"functions"},"message":"[functions] Got req.url=/jphacks2024/us-central1/api/messages.html, mapping to path=/messages.html"}}
[debug] [2024-10-26T09:39:34.445Z] [worker-pool] submitRequest(triggerId=us-central1-api) {"metadata":{"emulator":{"name":"functions"},"message":"[worker-pool] submitRequest(triggerId=us-central1-api)"}}
[info] i  functions: Beginning execution of "us-central1-api" {"metadata":{"emulator":{"name":"functions"},"function":{"name":"us-central1-api"},"extension":{},"message":"Beginning execution of \"us-central1-api\""}}
[debug] [2024-10-26T09:39:34.446Z] [worker-us-central1-api-f577817a-1051-48a3-9f51-2cc2520af09c]: BUSY {"metadata":{"emulator":{"name":"functions"},"function":{"name":"us-central1-api"},"extension":{},"message":"[worker-us-central1-api-f577817a-1051-48a3-9f51-2cc2520af09c]: BUSY"}}
[debug] [2024-10-26T09:39:34.450Z] Finishing up request with event=pause {"metadata":{"emulator":{"name":"functions"},"function":{"name":"us-central1-api"},"extension":{},"message":"Finishing up request with event=pause"}}
[info] i  functions: Finished "us-central1-api" in 5.066292ms {"metadata":{"emulator":{"name":"functions"},"function":{"name":"us-central1-api"},"extension":{},"message":"Finished \"us-central1-api\" in 5.066292ms"}}
[debug] [2024-10-26T09:39:34.451Z] [worker-us-central1-api-f577817a-1051-48a3-9f51-2cc2520af09c]: IDLE {"metadata":{"emulator":{"name":"functions"},"function":{"name":"us-central1-api"},"extension":{},"message":"[worker-us-central1-api-f577817a-1051-48a3-9f51-2cc2520af09c]: IDLE"}}
[debug] [2024-10-26T09:39:34.452Z] Finishing up request with event=finish {"metadata":{"emulator":{"name":"functions"},"function":{"name":"us-central1-api"},"extension":{},"message":"Finishing up request with event=finish"}}
[debug] [2024-10-26T09:39:34.452Z] Finishing up request with event=close {"metadata":{"emulator":{"name":"functions"},"function":{"name":"us-central1-api"},"extension":{},"message":"Finishing up request with event=close"}}
[debug] [2024-10-26T09:39:34.452Z] [work-queue] {"queuedWork":[],"queueLength":0,"runningWork":[],"workRunningCount":0}
[debug] [2024-10-26T09:45:29.884Z] File /Users/kitaniyasushinozomi/practice/jack/ng_2404/functions/index.js changed, reloading triggers {"metadata":{"emulator":{"name":"functions"},"message":"File /Users/kitaniyasushinozomi/practice/jack/ng_2404/functions/index.js changed, reloading triggers"}}
[debug] [2024-10-26T09:45:30.887Z] Validating nodejs source
[debug] [2024-10-26T09:45:31.612Z] > [functions] package.json contents: {
  "name": "functions",
  "description": "Cloud Functions for Firebase",
  "scripts": {
    "lint": "eslint .",
    "serve": "firebase emulators:start --only functions",
    "shell": "firebase functions:shell",
    "start": "npm run shell",
    "deploy": "firebase deploy --only functions",
    "logs": "firebase functions:log"
  },
  "engines": {
    "node": "18"
  },
  "main": "index.js",
  "dependencies": {
    "firebase-admin": "^12.6.0",
    "firebase-functions": "^6.0.1"
  },
  "devDependencies": {
    "eslint": "^8.15.0",
    "eslint-config-google": "^0.14.0",
    "firebase-functions-test": "^3.1.0"
  },
  "private": true
}
[debug] [2024-10-26T09:45:31.612Z] Building nodejs source
[debug] [2024-10-26T09:45:31.612Z] Failed to find version of module node: reached end of search path /Users/kitaniyasushinozomi/practice/jack/ng_2404/functions/node_modules
[warn] ⚠  functions: Your requested "node" version "16" doesn't match your global version "19". Using node@19 from host. 
[debug] [2024-10-26T09:45:31.614Z] Could not find functions.yaml. Must use http discovery
[debug] [2024-10-26T09:45:31.615Z] Found firebase-functions binary at '/Users/kitaniyasushinozomi/practice/jack/ng_2404/functions/node_modules/.bin/firebase-functions'
[info] Serving at port 8620

[error] ReferenceError: functions is not defined
    at Object.<anonymous> (/Users/kitaniyasushinozomi/practice/jack/ng_2404/functions/index.js:43:15)
    at Module._compile (node:internal/modules/cjs/loader:1275:14)
    at Module._extensions..js (node:internal/modules/cjs/loader:1329:10)
    at Module.load (node:internal/modules/cjs/loader:1133:32)
    at Module._load (node:internal/modules/cjs/loader:972:12)
    at Module.require (node:internal/modules/cjs/loader:1157:19)
    at require (node:internal/modules/helpers:119:18)
    at loadModule (/Users/kitaniyasushinozomi/practice/jack/ng_2404/functions/node_modules/firebase-functions/lib/runtime/loader.js:40:16)
    at loadStack (/Users/kitaniyasushinozomi/practice/jack/ng_2404/functions/node_modules/firebase-functions/lib/runtime/loader.js:157:23)
    at /Users/kitaniyasushinozomi/practice/jack/ng_2404/functions/node_modules/firebase-functions/lib/bin/firebase-functions.js:56:56

[debug] [2024-10-26T09:45:31.853Z] Got response code 400; body Failed to generate manifest from function source: ReferenceError: functions is not defined
[error] ⬢  functions: Failed to load function definition from source: FirebaseError: Functions codebase could not be analyzed successfully. It may have a syntax or runtime error {"metadata":{"emulator":{"name":"functions"},"message":"Failed to load function definition from source: FirebaseError: Functions codebase could not be analyzed successfully. It may have a syntax or runtime error"}}
[debug] [2024-10-26T09:46:42.427Z] File /Users/kitaniyasushinozomi/practice/jack/ng_2404/functions/index.js changed, reloading triggers {"metadata":{"emulator":{"name":"functions"},"message":"File /Users/kitaniyasushinozomi/practice/jack/ng_2404/functions/index.js changed, reloading triggers"}}
[debug] [2024-10-26T09:46:43.428Z] Validating nodejs source
[debug] [2024-10-26T09:46:43.949Z] > [functions] package.json contents: {
  "name": "functions",
  "description": "Cloud Functions for Firebase",
  "scripts": {
    "lint": "eslint .",
    "serve": "firebase emulators:start --only functions",
    "shell": "firebase functions:shell",
    "start": "npm run shell",
    "deploy": "firebase deploy --only functions",
    "logs": "firebase functions:log"
  },
  "engines": {
    "node": "18"
  },
  "main": "index.js",
  "dependencies": {
    "firebase-admin": "^12.6.0",
    "firebase-functions": "^6.0.1"
  },
  "devDependencies": {
    "eslint": "^8.15.0",
    "eslint-config-google": "^0.14.0",
    "firebase-functions-test": "^3.1.0"
  },
  "private": true
}
[debug] [2024-10-26T09:46:43.949Z] Building nodejs source
[debug] [2024-10-26T09:46:43.949Z] Failed to find version of module node: reached end of search path /Users/kitaniyasushinozomi/practice/jack/ng_2404/functions/node_modules
[warn] ⚠  functions: Your requested "node" version "16" doesn't match your global version "19". Using node@19 from host. 
[debug] [2024-10-26T09:46:43.950Z] Could not find functions.yaml. Must use http discovery
[debug] [2024-10-26T09:46:43.951Z] Found firebase-functions binary at '/Users/kitaniyasushinozomi/practice/jack/ng_2404/functions/node_modules/.bin/firebase-functions'
[info] Serving at port 8882

[debug] [2024-10-26T09:46:44.278Z] Got response from /__/functions.yaml {"endpoints":{"api":{"availableMemoryMb":null,"timeoutSeconds":null,"minInstances":null,"maxInstances":null,"ingressSettings":null,"concurrency":null,"serviceAccountEmail":null,"vpc":null,"platform":"gcfv2","labels":{},"httpsTrigger":{},"entryPoint":"api"}},"specVersion":"v1alpha1","requiredAPIs":[],"extensions":{}}
[info] ✔  functions: Loaded functions definitions from source: api. {"metadata":{"emulator":{"name":"functions"},"message":"Loaded functions definitions from source: api."}}
[debug] [2024-10-26T09:46:49.290Z] [worker-pool] Shutting down IDLE worker (us-central1-api) {"metadata":{"emulator":{"name":"functions"},"message":"[worker-pool] Shutting down IDLE worker (us-central1-api)"}}
[debug] [2024-10-26T09:46:49.290Z] [worker-us-central1-api-f577817a-1051-48a3-9f51-2cc2520af09c]: FINISHING {"metadata":{"emulator":{"name":"functions"},"function":{"name":"us-central1-api"},"extension":{},"message":"[worker-us-central1-api-f577817a-1051-48a3-9f51-2cc2520af09c]: FINISHING"}}
[debug] [2024-10-26T09:46:49.299Z] [worker-us-central1-api-f577817a-1051-48a3-9f51-2cc2520af09c]: exited {"metadata":{"emulator":{"name":"functions"},"function":{"name":"us-central1-api"},"extension":{},"message":"[worker-us-central1-api-f577817a-1051-48a3-9f51-2cc2520af09c]: exited"}}
[debug] [2024-10-26T09:46:49.299Z] [worker-us-central1-api-f577817a-1051-48a3-9f51-2cc2520af09c]: FINISHED {"metadata":{"emulator":{"name":"functions"},"function":{"name":"us-central1-api"},"extension":{},"message":"[worker-us-central1-api-f577817a-1051-48a3-9f51-2cc2520af09c]: FINISHED"}}
[debug] [2024-10-26T09:54:24.156Z] [work-queue] {"queuedWork":["/jphacks2024/us-central1/api/messages.html-2024-10-26T09:54:24.155Z"],"queueLength":1,"runningWork":[],"workRunningCount":0}
[debug] [2024-10-26T09:54:24.157Z] [work-queue] {"queuedWork":[],"queueLength":0,"runningWork":["/jphacks2024/us-central1/api/messages.html-2024-10-26T09:54:24.155Z"],"workRunningCount":1}
[debug] [2024-10-26T09:54:24.157Z] Accepted request GET /jphacks2024/us-central1/api/messages.html --> us-central1-api
[debug] [2024-10-26T09:54:24.161Z] [functions] Runtime ready! Sending request! {"metadata":{"emulator":{"name":"functions"},"message":"[functions] Runtime ready! Sending request!"}}
[debug] [2024-10-26T09:54:24.162Z] [functions] Got req.url=/jphacks2024/us-central1/api/messages.html, mapping to path=/messages.html {"metadata":{"emulator":{"name":"functions"},"message":"[functions] Got req.url=/jphacks2024/us-central1/api/messages.html, mapping to path=/messages.html"}}
[debug] [2024-10-26T09:54:24.162Z] [worker-pool] Cleaned up workers for us-central1-api: 1 --> 0 {"metadata":{"emulator":{"name":"functions"},"message":"[worker-pool] Cleaned up workers for us-central1-api: 1 --> 0"}}
[debug] [2024-10-26T09:54:24.165Z] [worker-pool] addWorker(us-central1-api) {"metadata":{"emulator":{"name":"functions"},"message":"[worker-pool] addWorker(us-central1-api)"}}
[debug] [2024-10-26T09:54:24.165Z] [worker-pool] Adding worker with key us-central1-api, total=1 {"metadata":{"emulator":{"name":"functions"},"message":"[worker-pool] Adding worker with key us-central1-api, total=1"}}
[debug] [2024-10-26T09:54:24.596Z] [runtime-status] [58623] Resolved module firebase-admin {"declared":true,"installed":true,"version":"12.7.0","resolution":"/Users/kitaniyasushinozomi/practice/jack/ng_2404/functions/node_modules/firebase-admin/lib/index.js"} {"metadata":{"emulator":{"name":"functions"},"function":{"name":"us-central1-api"},"extension":{},"message":"[runtime-status] [58623] Resolved module firebase-admin {\"declared\":true,\"installed\":true,\"version\":\"12.7.0\",\"resolution\":\"/Users/kitaniyasushinozomi/practice/jack/ng_2404/functions/node_modules/firebase-admin/lib/index.js\"}"}}
[debug] [2024-10-26T09:54:24.597Z] [runtime-status] [58623] Resolved module firebase-functions {"declared":true,"installed":true,"version":"6.1.0","resolution":"/Users/kitaniyasushinozomi/practice/jack/ng_2404/functions/node_modules/firebase-functions/lib/v2/index.js"} {"metadata":{"emulator":{"name":"functions"},"function":{"name":"us-central1-api"},"extension":{},"message":"[runtime-status] [58623] Resolved module firebase-functions {\"declared\":true,\"installed\":true,\"version\":\"6.1.0\",\"resolution\":\"/Users/kitaniyasushinozomi/practice/jack/ng_2404/functions/node_modules/firebase-functions/lib/v2/index.js\"}"}}
[debug] [2024-10-26T09:54:24.597Z] [runtime-status] [58623] Outgoing network have been stubbed. [{"name":"http","status":"mocked"},{"name":"http","status":"mocked"},{"name":"https","status":"mocked"},{"name":"https","status":"mocked"},{"name":"net","status":"mocked"}] {"metadata":{"emulator":{"name":"functions"},"function":{"name":"us-central1-api"},"extension":{},"message":"[runtime-status] [58623] Outgoing network have been stubbed. [{\"name\":\"http\",\"status\":\"mocked\"},{\"name\":\"http\",\"status\":\"mocked\"},{\"name\":\"https\",\"status\":\"mocked\"},{\"name\":\"https\",\"status\":\"mocked\"},{\"name\":\"net\",\"status\":\"mocked\"}]"}}
[debug] [2024-10-26T09:54:24.597Z] [runtime-status] [58623] Resolved module firebase-functions {"declared":true,"installed":true,"version":"6.1.0","resolution":"/Users/kitaniyasushinozomi/practice/jack/ng_2404/functions/node_modules/firebase-functions/lib/v2/index.js"} {"metadata":{"emulator":{"name":"functions"},"function":{"name":"us-central1-api"},"extension":{},"message":"[runtime-status] [58623] Resolved module firebase-functions {\"declared\":true,\"installed\":true,\"version\":\"6.1.0\",\"resolution\":\"/Users/kitaniyasushinozomi/practice/jack/ng_2404/functions/node_modules/firebase-functions/lib/v2/index.js\"}"}}
[debug] [2024-10-26T09:54:24.672Z] [runtime-status] [58623] Checked functions.config() {"config":{}} {"metadata":{"emulator":{"name":"functions"},"function":{"name":"us-central1-api"},"extension":{},"message":"[runtime-status] [58623] Checked functions.config() {\"config\":{}}"}}
[debug] [2024-10-26T09:54:24.672Z] [runtime-status] [58623] firebase-functions has been stubbed. {"functionsResolution":{"declared":true,"installed":true,"version":"6.1.0","resolution":"/Users/kitaniyasushinozomi/practice/jack/ng_2404/functions/node_modules/firebase-functions/lib/v2/index.js"}} {"metadata":{"emulator":{"name":"functions"},"function":{"name":"us-central1-api"},"extension":{},"message":"[runtime-status] [58623] firebase-functions has been stubbed. {\"functionsResolution\":{\"declared\":true,\"installed\":true,\"version\":\"6.1.0\",\"resolution\":\"/Users/kitaniyasushinozomi/practice/jack/ng_2404/functions/node_modules/firebase-functions/lib/v2/index.js\"}}"}}
[debug] [2024-10-26T09:54:24.672Z] [runtime-status] [58623] Resolved module firebase-functions {"declared":true,"installed":true,"version":"6.1.0","resolution":"/Users/kitaniyasushinozomi/practice/jack/ng_2404/functions/node_modules/firebase-functions/lib/v2/index.js"} {"metadata":{"emulator":{"name":"functions"},"function":{"name":"us-central1-api"},"extension":{},"message":"[runtime-status] [58623] Resolved module firebase-functions {\"declared\":true,\"installed\":true,\"version\":\"6.1.0\",\"resolution\":\"/Users/kitaniyasushinozomi/practice/jack/ng_2404/functions/node_modules/firebase-functions/lib/v2/index.js\"}"}}
[debug] [2024-10-26T09:54:24.675Z] [runtime-status] [58623] Resolved module firebase-admin {"declared":true,"installed":true,"version":"12.7.0","resolution":"/Users/kitaniyasushinozomi/practice/jack/ng_2404/functions/node_modules/firebase-admin/lib/index.js"} {"metadata":{"emulator":{"name":"functions"},"function":{"name":"us-central1-api"},"extension":{},"message":"[runtime-status] [58623] Resolved module firebase-admin {\"declared\":true,\"installed\":true,\"version\":\"12.7.0\",\"resolution\":\"/Users/kitaniyasushinozomi/practice/jack/ng_2404/functions/node_modules/firebase-admin/lib/index.js\"}"}}
[debug] [2024-10-26T09:54:24.676Z] [runtime-status] [58623] Resolved module firebase-functions {"declared":true,"installed":true,"version":"6.1.0","resolution":"/Users/kitaniyasushinozomi/practice/jack/ng_2404/functions/node_modules/firebase-functions/lib/v2/index.js"} {"metadata":{"emulator":{"name":"functions"},"function":{"name":"us-central1-api"},"extension":{},"message":"[runtime-status] [58623] Resolved module firebase-functions {\"declared\":true,\"installed\":true,\"version\":\"6.1.0\",\"resolution\":\"/Users/kitaniyasushinozomi/practice/jack/ng_2404/functions/node_modules/firebase-functions/lib/v2/index.js\"}"}}
[debug] [2024-10-26T09:54:24.676Z] [runtime-status] [58623] firebase-admin has been stubbed. {"adminResolution":{"declared":true,"installed":true,"version":"12.7.0","resolution":"/Users/kitaniyasushinozomi/practice/jack/ng_2404/functions/node_modules/firebase-admin/lib/index.js"}} {"metadata":{"emulator":{"name":"functions"},"function":{"name":"us-central1-api"},"extension":{},"message":"[runtime-status] [58623] firebase-admin has been stubbed. {\"adminResolution\":{\"declared\":true,\"installed\":true,\"version\":\"12.7.0\",\"resolution\":\"/Users/kitaniyasushinozomi/practice/jack/ng_2404/functions/node_modules/firebase-admin/lib/index.js\"}}"}}
[debug] [2024-10-26T09:54:24.702Z] [runtime-status] [58623] Functions runtime initialized. {"cwd":"/Users/kitaniyasushinozomi/practice/jack/ng_2404/functions","node_version":"19.8.1"} {"metadata":{"emulator":{"name":"functions"},"function":{"name":"us-central1-api"},"extension":{},"message":"[runtime-status] [58623] Functions runtime initialized. {\"cwd\":\"/Users/kitaniyasushinozomi/practice/jack/ng_2404/functions\",\"node_version\":\"19.8.1\"}"}}
[debug] [2024-10-26T09:54:24.703Z] [runtime-status] [58623] Listening to port: /var/folders/m0/9fnkln5d1m90n_vgzz7z0llw0000gn/T/fire_emu_f0526687780b2700.sock {"metadata":{"emulator":{"name":"functions"},"function":{"name":"us-central1-api"},"extension":{},"message":"[runtime-status] [58623] Listening to port: /var/folders/m0/9fnkln5d1m90n_vgzz7z0llw0000gn/T/fire_emu_f0526687780b2700.sock"}}
[debug] [2024-10-26T09:54:24.777Z] [worker-us-central1-api-f6a66c6e-bc00-4273-ac49-ad6c98ba5ed1]: IDLE {"metadata":{"emulator":{"name":"functions"},"function":{"name":"us-central1-api"},"extension":{},"message":"[worker-us-central1-api-f6a66c6e-bc00-4273-ac49-ad6c98ba5ed1]: IDLE"}}
[debug] [2024-10-26T09:54:24.777Z] [worker-pool] submitRequest(triggerId=us-central1-api) {"metadata":{"emulator":{"name":"functions"},"message":"[worker-pool] submitRequest(triggerId=us-central1-api)"}}
[info] i  functions: Beginning execution of "us-central1-api" {"metadata":{"emulator":{"name":"functions"},"function":{"name":"us-central1-api"},"extension":{},"message":"Beginning execution of \"us-central1-api\""}}
[debug] [2024-10-26T09:54:24.777Z] [worker-us-central1-api-f6a66c6e-bc00-4273-ac49-ad6c98ba5ed1]: BUSY {"metadata":{"emulator":{"name":"functions"},"function":{"name":"us-central1-api"},"extension":{},"message":"[worker-us-central1-api-f6a66c6e-bc00-4273-ac49-ad6c98ba5ed1]: BUSY"}}
[debug] [2024-10-26T09:54:24.781Z] Finishing up request with event=pause {"metadata":{"emulator":{"name":"functions"},"function":{"name":"us-central1-api"},"extension":{},"message":"Finishing up request with event=pause"}}
[info] i  functions: Finished "us-central1-api" in 3.522791ms {"metadata":{"emulator":{"name":"functions"},"function":{"name":"us-central1-api"},"extension":{},"message":"Finished \"us-central1-api\" in 3.522791ms"}}
[debug] [2024-10-26T09:54:24.781Z] [worker-us-central1-api-f6a66c6e-bc00-4273-ac49-ad6c98ba5ed1]: IDLE {"metadata":{"emulator":{"name":"functions"},"function":{"name":"us-central1-api"},"extension":{},"message":"[worker-us-central1-api-f6a66c6e-bc00-4273-ac49-ad6c98ba5ed1]: IDLE"}}
[debug] [2024-10-26T09:54:24.781Z] Finishing up request with event=finish {"metadata":{"emulator":{"name":"functions"},"function":{"name":"us-central1-api"},"extension":{},"message":"Finishing up request with event=finish"}}
[debug] [2024-10-26T09:54:24.781Z] Finishing up request with event=close {"metadata":{"emulator":{"name":"functions"},"function":{"name":"us-central1-api"},"extension":{},"message":"Finishing up request with event=close"}}
[debug] [2024-10-26T09:54:24.781Z] [work-queue] {"queuedWork":[],"queueLength":0,"runningWork":[],"workRunningCount":0}
[debug] [2024-10-26T09:54:52.593Z] [work-queue] {"queuedWork":["/jphacks2024/us-central1/api-2024-10-26T09:54:52.593Z"],"queueLength":1,"runningWork":[],"workRunningCount":0}
[debug] [2024-10-26T09:54:52.593Z] [work-queue] {"queuedWork":[],"queueLength":0,"runningWork":["/jphacks2024/us-central1/api-2024-10-26T09:54:52.593Z"],"workRunningCount":1}
[debug] [2024-10-26T09:54:52.593Z] Accepted request GET /jphacks2024/us-central1/api --> us-central1-api
[debug] [2024-10-26T09:54:52.595Z] [functions] Runtime ready! Sending request! {"metadata":{"emulator":{"name":"functions"},"message":"[functions] Runtime ready! Sending request!"}}
[debug] [2024-10-26T09:54:52.596Z] [functions] Got req.url=/jphacks2024/us-central1/api, mapping to path=/ {"metadata":{"emulator":{"name":"functions"},"message":"[functions] Got req.url=/jphacks2024/us-central1/api, mapping to path=/"}}
[debug] [2024-10-26T09:54:52.596Z] [worker-pool] submitRequest(triggerId=us-central1-api) {"metadata":{"emulator":{"name":"functions"},"message":"[worker-pool] submitRequest(triggerId=us-central1-api)"}}
[info] i  functions: Beginning execution of "us-central1-api" {"metadata":{"emulator":{"name":"functions"},"function":{"name":"us-central1-api"},"extension":{},"message":"Beginning execution of \"us-central1-api\""}}
[debug] [2024-10-26T09:54:52.596Z] [worker-us-central1-api-f6a66c6e-bc00-4273-ac49-ad6c98ba5ed1]: BUSY {"metadata":{"emulator":{"name":"functions"},"function":{"name":"us-central1-api"},"extension":{},"message":"[worker-us-central1-api-f6a66c6e-bc00-4273-ac49-ad6c98ba5ed1]: BUSY"}}
[debug] [2024-10-26T09:54:52.601Z] Finishing up request with event=pause {"metadata":{"emulator":{"name":"functions"},"function":{"name":"us-central1-api"},"extension":{},"message":"Finishing up request with event=pause"}}
[info] i  functions: Finished "us-central1-api" in 4.757292ms {"metadata":{"emulator":{"name":"functions"},"function":{"name":"us-central1-api"},"extension":{},"message":"Finished \"us-central1-api\" in 4.757292ms"}}
[debug] [2024-10-26T09:54:52.602Z] [worker-us-central1-api-f6a66c6e-bc00-4273-ac49-ad6c98ba5ed1]: IDLE {"metadata":{"emulator":{"name":"functions"},"function":{"name":"us-central1-api"},"extension":{},"message":"[worker-us-central1-api-f6a66c6e-bc00-4273-ac49-ad6c98ba5ed1]: IDLE"}}
[debug] [2024-10-26T09:54:52.602Z] Finishing up request with event=finish {"metadata":{"emulator":{"name":"functions"},"function":{"name":"us-central1-api"},"extension":{},"message":"Finishing up request with event=finish"}}
[debug] [2024-10-26T09:54:52.602Z] Finishing up request with event=close {"metadata":{"emulator":{"name":"functions"},"function":{"name":"us-central1-api"},"extension":{},"message":"Finishing up request with event=close"}}
[debug] [2024-10-26T09:54:52.604Z] [work-queue] {"queuedWork":[],"queueLength":0,"runningWork":[],"workRunningCount":0}
[debug] [2024-10-26T09:54:58.866Z] [work-queue] {"queuedWork":["/jphacks2024/us-central1/api/messages.html-2024-10-26T09:54:58.866Z"],"queueLength":1,"runningWork":[],"workRunningCount":0}
[debug] [2024-10-26T09:54:58.866Z] [work-queue] {"queuedWork":[],"queueLength":0,"runningWork":["/jphacks2024/us-central1/api/messages.html-2024-10-26T09:54:58.866Z"],"workRunningCount":1}
[debug] [2024-10-26T09:54:58.866Z] Accepted request GET /jphacks2024/us-central1/api/messages.html --> us-central1-api
[debug] [2024-10-26T09:54:58.869Z] [functions] Runtime ready! Sending request! {"metadata":{"emulator":{"name":"functions"},"message":"[functions] Runtime ready! Sending request!"}}
[debug] [2024-10-26T09:54:58.869Z] [functions] Got req.url=/jphacks2024/us-central1/api/messages.html, mapping to path=/messages.html {"metadata":{"emulator":{"name":"functions"},"message":"[functions] Got req.url=/jphacks2024/us-central1/api/messages.html, mapping to path=/messages.html"}}
[debug] [2024-10-26T09:54:58.869Z] [worker-pool] submitRequest(triggerId=us-central1-api) {"metadata":{"emulator":{"name":"functions"},"message":"[worker-pool] submitRequest(triggerId=us-central1-api)"}}
[info] i  functions: Beginning execution of "us-central1-api" {"metadata":{"emulator":{"name":"functions"},"function":{"name":"us-central1-api"},"extension":{},"message":"Beginning execution of \"us-central1-api\""}}
[debug] [2024-10-26T09:54:58.869Z] [worker-us-central1-api-f6a66c6e-bc00-4273-ac49-ad6c98ba5ed1]: BUSY {"metadata":{"emulator":{"name":"functions"},"function":{"name":"us-central1-api"},"extension":{},"message":"[worker-us-central1-api-f6a66c6e-bc00-4273-ac49-ad6c98ba5ed1]: BUSY"}}
[debug] [2024-10-26T09:54:58.873Z] Finishing up request with event=pause {"metadata":{"emulator":{"name":"functions"},"function":{"name":"us-central1-api"},"extension":{},"message":"Finishing up request with event=pause"}}
[info] i  functions: Finished "us-central1-api" in 4.121125ms {"metadata":{"emulator":{"name":"functions"},"function":{"name":"us-central1-api"},"extension":{},"message":"Finished \"us-central1-api\" in 4.121125ms"}}
[debug] [2024-10-26T09:54:58.874Z] [worker-us-central1-api-f6a66c6e-bc00-4273-ac49-ad6c98ba5ed1]: IDLE {"metadata":{"emulator":{"name":"functions"},"function":{"name":"us-central1-api"},"extension":{},"message":"[worker-us-central1-api-f6a66c6e-bc00-4273-ac49-ad6c98ba5ed1]: IDLE"}}
[debug] [2024-10-26T09:54:58.874Z] Finishing up request with event=finish {"metadata":{"emulator":{"name":"functions"},"function":{"name":"us-central1-api"},"extension":{},"message":"Finishing up request with event=finish"}}
[debug] [2024-10-26T09:54:58.874Z] Finishing up request with event=close {"metadata":{"emulator":{"name":"functions"},"function":{"name":"us-central1-api"},"extension":{},"message":"Finishing up request with event=close"}}
[debug] [2024-10-26T09:54:58.875Z] [work-queue] {"queuedWork":[],"queueLength":0,"runningWork":[],"workRunningCount":0}
